<?xml version="1.0" encoding="UTF-8"?>
<!-- Generated by org.testng.reporters.JUnitXMLReporter -->
<testsuite ignored="0" hostname="DESKTOP-4GLE4P0" failures="0" tests="21" name="Default test" time="70.544" errors="0" timestamp="2026-05-12T16:20:02 IST">
  <testcase classname="Tests.CheckoutTests" name="verifyCheckoutPageTitle" time="0.081"/>
  <testcase classname="Tests.CheckoutTests" name="verifyCheckoutUrl" time="0.014"/>
  <testcase classname="Tests.CheckoutTests" name="completeCheckoutWithValidDetails" time="0.398"/>
  <testcase classname="Tests.CheckoutTests" name="verifyEmptyFirstNameError" time="0.433"/>
  <testcase classname="Tests.CheckoutTests" name="verifyEmptyLastNameError" time="0.369"/>
  <testcase classname="Tests.CheckoutTests" name="verifyEmptyZipCodeError" time="0.342"/>
  <testcase classname="Tests.CheckoutTests" name="verifyAllFieldsEmptyError" time="0.323"/>
  <testcase classname="Tests.CheckoutTests" name="verifyCancelReturnsToCart" time="0.085"/>
  <testcase classname="Tests.CheckoutTests" name="verifyOverviewPageTitle" time="0.393"/>
  <testcase classname="Tests.CheckoutTests" name="verifyOverviewUrl" time="0.387"/>
  <testcase classname="Tests.CheckoutTests" name="verifyOverviewProductName" time="0.365"/>
  <testcase classname="Tests.CheckoutTests" name="verifyOverviewProductPrice" time="0.366"/>
  <testcase classname="Tests.CheckoutTests" name="verifyCancelOnOverview" time="0.456"/>
  <testcase classname="Tests.CheckoutTests" name="verifyFinishNavigation" time="0.396"/>
  <testcase classname="Tests.CheckoutTests" name="verifyConfirmationUrl" time="0.385"/>
  <testcase classname="Tests.CheckoutTests" name="verifySuccessMessageDisplayed" time="0.452"/>
  <testcase classname="Tests.CheckoutTests" name="verifySuccessMessageText" time="0.464"/>
  <testcase classname="Tests.CheckoutTests" name="verifyBackHomeButton" time="0.741"/>
  <testcase classname="Tests.CheckoutTests" name="completeFullCheckoutFlow" time="0.501"/>
  <testcase classname="Tests.CheckoutTests" name="verifyCartEmptyAfterCheckout" time="5.613"/>
  <testcase classname="Tests.CheckoutTests" name="verifyBadgeDisappearsAfterCheckout" time="5.537"/>
</testsuite> <!-- Default test -->
