<?xml version="1.0" encoding="UTF-8"?>
<!-- Generated by org.testng.reporters.JUnitXMLReporter -->
<testsuite ignored="0" hostname="DESKTOP-4GLE4P0" failures="0" tests="59" name="Test" time="188.601" errors="0" timestamp="2026-05-15T13:35:34 IST">
  <testcase classname="Base.BaseClassSauceDemo" name="@BeforeMethod setup" time="2.905">
    <failure type="org.openqa.selenium.WebDriverException" message="unknown error: net::ERR_NAME_NOT_RESOLVED
  (Session info: chrome=148.0.7778.167)
Build info: version: &amp;apos;4.21.0&amp;apos;, revision: &amp;apos;79ed462ef4&amp;apos;
System info: os.name: &amp;apos;Windows 11&amp;apos;, os.arch: &amp;apos;amd64&amp;apos;, os.version: &amp;apos;10.0&amp;apos;, java.version: &amp;apos;21.0.7&amp;apos;
Driver info: org.openqa.selenium.chrome.ChromeDriver
Command: [57b1ce988c4161b2b27db5c70839cec7, get {url=https://www.saucedemo.com}]
Capabilities {acceptInsecureCerts: false, browserName: chrome, browserVersion: 148.0.7778.167, chrome: {chromedriverVersion: 148.0.7778.167 (65db666ac2c..., userDataDir: C:\Users\AkhilaAravind\AppD...}, fedcm:accounts: true, goog:chromeOptions: {debuggerAddress: localhost:62775}, goog:processID: 22584, networkConnectionEnabled: false, pageLoadStrategy: normal, platformName: windows, proxy: Proxy(), se:cdp: ws://localhost:62775/devtoo..., se:cdpVersion: 148.0.7778.167, setWindowRect: true, strictFileInteractability: false, timeouts: {implicit: 0, pageLoad: 300000, script: 30000}, unhandledPromptBehavior: dismiss and notify, webauthn:extension:credBlob: true, webauthn:extension:largeBlob: true, webauthn:extension:minPinLength: true, webauthn:extension:prf: true, webauthn:virtualAuthenticators: true}
Session ID: 57b1ce988c4161b2b27db5c70839cec7">
      <![CDATA[org.openqa.selenium.WebDriverException: unknown error: net::ERR_NAME_NOT_RESOLVED
  (Session info: chrome=148.0.7778.167)
Build info: version: '4.21.0', revision: '79ed462ef4'
System info: os.name: 'Windows 11', os.arch: 'amd64', os.version: '10.0', java.version: '21.0.7'
Driver info: org.openqa.selenium.chrome.ChromeDriver
Command: [57b1ce988c4161b2b27db5c70839cec7, get {url=https://www.saucedemo.com}]
Capabilities {acceptInsecureCerts: false, browserName: chrome, browserVersion: 148.0.7778.167, chrome: {chromedriverVersion: 148.0.7778.167 (65db666ac2c..., userDataDir: C:\Users\AkhilaAravind\AppD...}, fedcm:accounts: true, goog:chromeOptions: {debuggerAddress: localhost:62775}, goog:processID: 22584, networkConnectionEnabled: false, pageLoadStrategy: normal, platformName: windows, proxy: Proxy(), se:cdp: ws://localhost:62775/devtoo..., se:cdpVersion: 148.0.7778.167, setWindowRect: true, strictFileInteractability: false, timeouts: {implicit: 0, pageLoad: 300000, script: 30000}, unhandledPromptBehavior: dismiss and notify, webauthn:extension:credBlob: true, webauthn:extension:largeBlob: true, webauthn:extension:minPinLength: true, webauthn:extension:prf: true, webauthn:virtualAuthenticators: true}
Session ID: 57b1ce988c4161b2b27db5c70839cec7
at org.openqa.selenium.remote.ErrorCodec.decode(ErrorCodec.java:167)
at org.openqa.selenium.remote.codec.w3c.W3CHttpResponseCodec.decode(W3CHttpResponseCodec.java:138)
at org.openqa.selenium.remote.codec.w3c.W3CHttpResponseCodec.decode(W3CHttpResponseCodec.java:50)
at org.openqa.selenium.remote.HttpCommandExecutor.execute(HttpCommandExecutor.java:190)
at org.openqa.selenium.remote.service.DriverCommandExecutor.invokeExecute(DriverCommandExecutor.java:216)
at org.openqa.selenium.remote.service.DriverCommandExecutor.execute(DriverCommandExecutor.java:174)
at org.openqa.selenium.remote.RemoteWebDriver.execute(RemoteWebDriver.java:518)
at org.openqa.selenium.remote.RemoteWebDriver.get(RemoteWebDriver.java:300)
at Base.BaseClassSauceDemo.setup(BaseClassSauceDemo.java:36)
at java.base/java.util.ArrayList.forEach(ArrayList.java:1596)
... Removed 32 stack frames]]>
    </failure>
  </testcase> <!-- @BeforeMethod setup -->
  <testcase classname="Tests.CheckoutTests" name="@BeforeMethod goToCheckout" time="0.0">
    <skipped/>
  </testcase> <!-- @BeforeMethod goToCheckout -->
  <testcase classname="Base.BaseClassSauceDemo" name="@AfterMethod teardown" time="0.0">
    <skipped/>
  </testcase> <!-- @AfterMethod teardown -->
  <testcase classname="Base.BaseClassSauceDemo" name="@BeforeMethod setup" time="0.0">
    <skipped/>
  </testcase> <!-- @BeforeMethod setup -->
  <testcase classname="Tests.CheckoutTests" name="@BeforeMethod goToCheckout" time="0.0">
    <skipped/>
  </testcase> <!-- @BeforeMethod goToCheckout -->
  <testcase classname="Base.BaseClassSauceDemo" name="@AfterMethod teardown" time="0.0">
    <skipped/>
  </testcase> <!-- @AfterMethod teardown -->
  <testcase classname="Base.BaseClassSauceDemo" name="@BeforeMethod setup" time="0.0">
    <skipped/>
  </testcase> <!-- @BeforeMethod setup -->
  <testcase classname="Tests.CheckoutTests" name="@BeforeMethod goToCheckout" time="0.0">
    <skipped/>
  </testcase> <!-- @BeforeMethod goToCheckout -->
  <testcase classname="Base.BaseClassSauceDemo" name="@AfterMethod teardown" time="0.0">
    <skipped/>
  </testcase> <!-- @AfterMethod teardown -->
  <testcase classname="Base.BaseClassSauceDemo" name="@BeforeMethod setup" time="0.0">
    <skipped/>
  </testcase> <!-- @BeforeMethod setup -->
  <testcase classname="Tests.CheckoutTests" name="@BeforeMethod goToCheckout" time="0.0">
    <skipped/>
  </testcase> <!-- @BeforeMethod goToCheckout -->
  <testcase classname="Base.BaseClassSauceDemo" name="@AfterMethod teardown" time="0.0">
    <skipped/>
  </testcase> <!-- @AfterMethod teardown -->
  <testcase classname="Base.BaseClassSauceDemo" name="@BeforeMethod setup" time="0.0">
    <skipped/>
  </testcase> <!-- @BeforeMethod setup -->
  <testcase classname="Tests.CheckoutTests" name="@BeforeMethod goToCheckout" time="0.0">
    <skipped/>
  </testcase> <!-- @BeforeMethod goToCheckout -->
  <testcase classname="Base.BaseClassSauceDemo" name="@AfterMethod teardown" time="0.0">
    <skipped/>
  </testcase> <!-- @AfterMethod teardown -->
  <testcase classname="Base.BaseClassSauceDemo" name="@BeforeMethod setup" time="0.0">
    <skipped/>
  </testcase> <!-- @BeforeMethod setup -->
  <testcase classname="Tests.CheckoutTests" name="@BeforeMethod goToCheckout" time="0.0">
    <skipped/>
  </testcase> <!-- @BeforeMethod goToCheckout -->
  <testcase classname="Base.BaseClassSauceDemo" name="@AfterMethod teardown" time="0.0">
    <skipped/>
  </testcase> <!-- @AfterMethod teardown -->
  <testcase classname="Base.BaseClassSauceDemo" name="@BeforeMethod setup" time="0.0">
    <skipped/>
  </testcase> <!-- @BeforeMethod setup -->
  <testcase classname="Tests.CheckoutTests" name="@BeforeMethod goToCheckout" time="0.0">
    <skipped/>
  </testcase> <!-- @BeforeMethod goToCheckout -->
  <testcase classname="Base.BaseClassSauceDemo" name="@AfterMethod teardown" time="0.0">
    <skipped/>
  </testcase> <!-- @AfterMethod teardown -->
  <testcase classname="Base.BaseClassSauceDemo" name="@BeforeMethod setup" time="0.0">
    <skipped/>
  </testcase> <!-- @BeforeMethod setup -->
  <testcase classname="Tests.CheckoutTests" name="@BeforeMethod goToCheckout" time="0.0">
    <skipped/>
  </testcase> <!-- @BeforeMethod goToCheckout -->
  <testcase classname="Base.BaseClassSauceDemo" name="@AfterMethod teardown" time="0.0">
    <skipped/>
  </testcase> <!-- @AfterMethod teardown -->
  <testcase classname="Base.BaseClassSauceDemo" name="@BeforeMethod setup" time="0.0">
    <skipped/>
  </testcase> <!-- @BeforeMethod setup -->
  <testcase classname="Tests.CheckoutTests" name="@BeforeMethod goToCheckout" time="0.0">
    <skipped/>
  </testcase> <!-- @BeforeMethod goToCheckout -->
  <testcase classname="Base.BaseClassSauceDemo" name="@AfterMethod teardown" time="0.0">
    <skipped/>
  </testcase> <!-- @AfterMethod teardown -->
  <testcase classname="Base.BaseClassSauceDemo" name="@BeforeMethod setup" time="0.0">
    <skipped/>
  </testcase> <!-- @BeforeMethod setup -->
  <testcase classname="Tests.CheckoutTests" name="@BeforeMethod goToCheckout" time="0.0">
    <skipped/>
  </testcase> <!-- @BeforeMethod goToCheckout -->
  <testcase classname="Base.BaseClassSauceDemo" name="@AfterMethod teardown" time="0.0">
    <skipped/>
  </testcase> <!-- @AfterMethod teardown -->
  <testcase classname="Base.BaseClassSauceDemo" name="@BeforeMethod setup" time="0.0">
    <skipped/>
  </testcase> <!-- @BeforeMethod setup -->
  <testcase classname="Tests.CheckoutTests" name="@BeforeMethod goToCheckout" time="0.0">
    <skipped/>
  </testcase> <!-- @BeforeMethod goToCheckout -->
  <testcase classname="Base.BaseClassSauceDemo" name="@AfterMethod teardown" time="0.0">
    <skipped/>
  </testcase> <!-- @AfterMethod teardown -->
  <testcase classname="Base.BaseClassSauceDemo" name="@BeforeMethod setup" time="0.0">
    <skipped/>
  </testcase> <!-- @BeforeMethod setup -->
  <testcase classname="Tests.CheckoutTests" name="@BeforeMethod goToCheckout" time="0.0">
    <skipped/>
  </testcase> <!-- @BeforeMethod goToCheckout -->
  <testcase classname="Base.BaseClassSauceDemo" name="@AfterMethod teardown" time="0.0">
    <skipped/>
  </testcase> <!-- @AfterMethod teardown -->
  <testcase classname="Base.BaseClassSauceDemo" name="@BeforeMethod setup" time="0.0">
    <skipped/>
  </testcase> <!-- @BeforeMethod setup -->
  <testcase classname="Tests.CheckoutTests" name="@BeforeMethod goToCheckout" time="0.0">
    <skipped/>
  </testcase> <!-- @BeforeMethod goToCheckout -->
  <testcase classname="Base.BaseClassSauceDemo" name="@AfterMethod teardown" time="0.0">
    <skipped/>
  </testcase> <!-- @AfterMethod teardown -->
  <testcase classname="Base.BaseClassSauceDemo" name="@BeforeMethod setup" time="0.0">
    <skipped/>
  </testcase> <!-- @BeforeMethod setup -->
  <testcase classname="Tests.CheckoutTests" name="@BeforeMethod goToCheckout" time="0.0">
    <skipped/>
  </testcase> <!-- @BeforeMethod goToCheckout -->
  <testcase classname="Base.BaseClassSauceDemo" name="@AfterMethod teardown" time="0.0">
    <skipped/>
  </testcase> <!-- @AfterMethod teardown -->
  <testcase classname="Base.BaseClassSauceDemo" name="@BeforeMethod setup" time="0.0">
    <skipped/>
  </testcase> <!-- @BeforeMethod setup -->
  <testcase classname="Tests.CheckoutTests" name="@BeforeMethod goToCheckout" time="0.0">
    <skipped/>
  </testcase> <!-- @BeforeMethod goToCheckout -->
  <testcase classname="Base.BaseClassSauceDemo" name="@AfterMethod teardown" time="0.0">
    <skipped/>
  </testcase> <!-- @AfterMethod teardown -->
  <testcase classname="Base.BaseClassSauceDemo" name="@BeforeMethod setup" time="0.0">
    <skipped/>
  </testcase> <!-- @BeforeMethod setup -->
  <testcase classname="Tests.CheckoutTests" name="@BeforeMethod goToCheckout" time="0.0">
    <skipped/>
  </testcase> <!-- @BeforeMethod goToCheckout -->
  <testcase classname="Base.BaseClassSauceDemo" name="@AfterMethod teardown" time="0.0">
    <skipped/>
  </testcase> <!-- @AfterMethod teardown -->
  <testcase classname="Base.BaseClassSauceDemo" name="@BeforeMethod setup" time="0.0">
    <skipped/>
  </testcase> <!-- @BeforeMethod setup -->
  <testcase classname="Tests.CheckoutTests" name="@BeforeMethod goToCheckout" time="0.0">
    <skipped/>
  </testcase> <!-- @BeforeMethod goToCheckout -->
  <testcase classname="Base.BaseClassSauceDemo" name="@AfterMethod teardown" time="0.0">
    <skipped/>
  </testcase> <!-- @AfterMethod teardown -->
  <testcase classname="Base.BaseClassSauceDemo" name="@BeforeMethod setup" time="0.0">
    <skipped/>
  </testcase> <!-- @BeforeMethod setup -->
  <testcase classname="Tests.CheckoutTests" name="@BeforeMethod goToCheckout" time="0.0">
    <skipped/>
  </testcase> <!-- @BeforeMethod goToCheckout -->
  <testcase classname="Base.BaseClassSauceDemo" name="@AfterMethod teardown" time="0.0">
    <skipped/>
  </testcase> <!-- @AfterMethod teardown -->
  <testcase classname="Base.BaseClassSauceDemo" name="@BeforeMethod setup" time="0.0">
    <skipped/>
  </testcase> <!-- @BeforeMethod setup -->
  <testcase classname="Tests.CheckoutTests" name="@BeforeMethod goToCheckout" time="0.0">
    <skipped/>
  </testcase> <!-- @BeforeMethod goToCheckout -->
  <testcase classname="Base.BaseClassSauceDemo" name="@AfterMethod teardown" time="0.0">
    <skipped/>
  </testcase> <!-- @AfterMethod teardown -->
  <testcase classname="Base.BaseClassSauceDemo" name="@BeforeMethod setup" time="0.0">
    <skipped/>
  </testcase> <!-- @BeforeMethod setup -->
  <testcase classname="Tests.CheckoutTests" name="@BeforeMethod goToCheckout" time="0.0">
    <skipped/>
  </testcase> <!-- @BeforeMethod goToCheckout -->
  <testcase classname="Base.BaseClassSauceDemo" name="@AfterMethod teardown" time="0.0">
    <skipped/>
  </testcase> <!-- @AfterMethod teardown -->
  <testcase classname="Base.BaseClassSauceDemo" name="@BeforeMethod setup" time="0.0">
    <skipped/>
  </testcase> <!-- @BeforeMethod setup -->
  <testcase classname="Tests.CheckoutTests" name="@BeforeMethod goToCheckout" time="0.0">
    <skipped/>
  </testcase> <!-- @BeforeMethod goToCheckout -->
  <testcase classname="Base.BaseClassSauceDemo" name="@AfterMethod teardown" time="0.0">
    <skipped/>
  </testcase> <!-- @AfterMethod teardown -->
  <testcase classname="Tests.LoginTests" name="validLoginTest" time="0.699"/>
  <testcase classname="Tests.LoginTests" name="invalidLoginTest" time="0.575"/>
  <testcase classname="Tests.LoginTests" name="invalidLoginTest" time="0.5"/>
  <testcase classname="Tests.LoginTests" name="invalidLoginTest" time="0.498"/>
  <testcase classname="Tests.LoginTests" name="invalidLoginTest" time="0.511"/>
  <testcase classname="Tests.LoginTests" name="invalidLoginTest" time="0.461"/>
  <testcase classname="Tests.LoginTests" name="logoutTest" time="0.799"/>
  <testcase classname="Tests.ProductTests" name="verifyPageTitle" time="0.08"/>
  <testcase classname="Tests.ProductTests" name="verifyProductCount" time="0.025"/>
  <testcase classname="Tests.ProductTests" name="verifyAllProductsHaveNames" time="0.137"/>
  <testcase classname="Tests.ProductTests" name="verifyAllProductsHavePrices" time="0.134"/>
  <testcase classname="Tests.ProductTests" name="verifyAddToCartButtons" time="0.025"/>
  <testcase classname="Tests.ProductTests" name="sortByNameAtoZ" time="0.169"/>
  <testcase classname="Tests.ProductTests" name="sortByNameZtoA" time="0.194"/>
  <testcase classname="Tests.ProductTests" name="sortByPriceLowToHigh" time="0.221"/>
  <testcase classname="Tests.ProductTests" name="sortByPriceHighToLow" time="0.269"/>
  <testcase classname="Tests.ProductTests" name="addOneProductVerifyBadge" time="0.166"/>
  <testcase classname="Tests.ProductTests" name="addTwoProductsVerifyBadge" time="0.284"/>
  <testcase classname="Tests.ProductTests" name="verifyButtonChangesToRemove" time="0.127"/>
  <testcase classname="Tests.ProductTests" name="removeProductVerifyBadgeDisappears" time="5.351"/>
  <testcase classname="Tests.ProductTests" name="addTwoRemoveOneVerifyBadge" time="0.425"/>
  <testcase classname="Tests.CartTests" name="verifyCartTitle" time="0.046"/>
  <testcase classname="Tests.CartTests" name="verifyCartUrl" time="0.013"/>
  <testcase classname="Tests.CartTests" name="verifyProductInCart" time="0.02"/>
  <testcase classname="Tests.CartTests" name="verifyProductName" time="0.042"/>
  <testcase classname="Tests.CartTests" name="verifyProductPrice" time="0.034"/>
  <testcase classname="Tests.CartTests" name="verifyProductQuantity" time="0.041"/>
  <testcase classname="Tests.CartTests" name="removeProductVerifyCartEmpty" time="5.148"/>
  <testcase classname="Tests.CartTests" name="removeProductVerifyCount" time="5.171"/>
  <testcase classname="Tests.CartTests" name="addTwoRemoveOneVerifyOneRemains" time="0.403"/>
  <testcase classname="Tests.CartTests" name="verifyRemovedProductGone" time="5.163"/>
  <testcase classname="Tests.CartTests" name="verifyContinueShopping" time="0.167"/>
  <testcase classname="Tests.CartTests" name="verifyProductsPageAfterContinue" time="0.157"/>
  <testcase classname="Tests.CartTests" name="verifyBadgePersistsAfterContinue" time="0.188"/>
  <testcase classname="Tests.CartTests" name="verifyCheckoutNavigation" time="0.125"/>
  <testcase classname="Tests.CartTests" name="verifyCheckoutUrl" time="0.14"/>
  <testcase classname="Tests.CartTests" name="verifyEmptyCart" time="5.166"/>
  <testcase classname="Tests.CartTests" name="verifyBadgeNotVisibleWhenEmpty" time="5.183"/>
  <testcase classname="Tests.CheckoutTests" name="verifyCheckoutPageTitle" time="0.0">
    <skipped/>
  </testcase> <!-- verifyCheckoutPageTitle -->
  <testcase classname="Tests.CheckoutTests" name="verifyCheckoutUrl" time="0.001">
    <skipped/>
  </testcase> <!-- verifyCheckoutUrl -->
  <testcase classname="Tests.CheckoutTests" name="completeCheckoutWithValidDetails" time="0.0">
    <skipped/>
  </testcase> <!-- completeCheckoutWithValidDetails -->
  <testcase classname="Tests.CheckoutTests" name="verifyEmptyFirstNameError" time="0.0">
    <skipped/>
  </testcase> <!-- verifyEmptyFirstNameError -->
  <testcase classname="Tests.CheckoutTests" name="verifyEmptyLastNameError" time="0.0">
    <skipped/>
  </testcase> <!-- verifyEmptyLastNameError -->
  <testcase classname="Tests.CheckoutTests" name="verifyEmptyZipCodeError" time="0.0">
    <skipped/>
  </testcase> <!-- verifyEmptyZipCodeError -->
  <testcase classname="Tests.CheckoutTests" name="verifyAllFieldsEmptyError" time="0.0">
    <skipped/>
  </testcase> <!-- verifyAllFieldsEmptyError -->
  <testcase classname="Tests.CheckoutTests" name="verifyCancelReturnsToCart" time="0.0">
    <skipped/>
  </testcase> <!-- verifyCancelReturnsToCart -->
  <testcase classname="Tests.CheckoutTests" name="verifyOverviewPageTitle" time="0.0">
    <skipped/>
  </testcase> <!-- verifyOverviewPageTitle -->
  <testcase classname="Tests.CheckoutTests" name="verifyOverviewUrl" time="0.0">
    <skipped/>
  </testcase> <!-- verifyOverviewUrl -->
  <testcase classname="Tests.CheckoutTests" name="verifyOverviewProductName" time="0.0">
    <skipped/>
  </testcase> <!-- verifyOverviewProductName -->
  <testcase classname="Tests.CheckoutTests" name="verifyOverviewProductPrice" time="0.0">
    <skipped/>
  </testcase> <!-- verifyOverviewProductPrice -->
  <testcase classname="Tests.CheckoutTests" name="verifyCancelOnOverview" time="0.001">
    <skipped/>
  </testcase> <!-- verifyCancelOnOverview -->
  <testcase classname="Tests.CheckoutTests" name="verifyFinishNavigation" time="0.0">
    <skipped/>
  </testcase> <!-- verifyFinishNavigation -->
  <testcase classname="Tests.CheckoutTests" name="verifyConfirmationUrl" time="0.001">
    <skipped/>
  </testcase> <!-- verifyConfirmationUrl -->
  <testcase classname="Tests.CheckoutTests" name="verifySuccessMessageDisplayed" time="0.0">
    <skipped/>
  </testcase> <!-- verifySuccessMessageDisplayed -->
  <testcase classname="Tests.CheckoutTests" name="verifySuccessMessageText" time="0.0">
    <skipped/>
  </testcase> <!-- verifySuccessMessageText -->
  <testcase classname="Tests.CheckoutTests" name="verifyBackHomeButton" time="0.0">
    <skipped/>
  </testcase> <!-- verifyBackHomeButton -->
  <testcase classname="Tests.CheckoutTests" name="completeFullCheckoutFlow" time="0.0">
    <skipped/>
  </testcase> <!-- completeFullCheckoutFlow -->
  <testcase classname="Tests.CheckoutTests" name="verifyCartEmptyAfterCheckout" time="0.0">
    <skipped/>
  </testcase> <!-- verifyCartEmptyAfterCheckout -->
  <testcase classname="Tests.CheckoutTests" name="verifyBadgeDisappearsAfterCheckout" time="0.0">
    <skipped/>
  </testcase> <!-- verifyBadgeDisappearsAfterCheckout -->
</testsuite> <!-- Test -->
