<?xml version="1.0" encoding="UTF-8"?>
<testng-results ignored="0" total="59" passed="38" failed="0" skipped="21">
  <reporter-output>
  </reporter-output>
  <suite started-at="2026-05-15T13:32:24 IST" name="Master Suite" finished-at="2026-05-15T13:35:32 IST" duration-ms="188601">
    <groups>
      <group name="regression">
        <method signature="CartTests.verifyCartTitle()[pri:1, instance:Tests.CartTests@3c3d9b6b]" name="verifyCartTitle" class="Tests.CartTests"/>
        <method signature="CheckoutTests.verifyCheckoutPageTitle()[pri:1, instance:Tests.CheckoutTests@79d8407f]" name="verifyCheckoutPageTitle" class="Tests.CheckoutTests"/>
        <method signature="LoginTests.validLoginTest()[pri:1, instance:Tests.LoginTests@1e800aaa]" name="validLoginTest" class="Tests.LoginTests"/>
        <method signature="ProductTests.verifyPageTitle()[pri:1, instance:Tests.ProductTests@2002fc1d]" name="verifyPageTitle" class="Tests.ProductTests"/>
        <method signature="CheckoutTests.verifyCheckoutUrl()[pri:2, instance:Tests.CheckoutTests@79d8407f]" name="verifyCheckoutUrl" class="Tests.CheckoutTests"/>
        <method signature="LoginTests.invalidLoginTest(java.lang.String,java.lang.String,java.lang.String)[pri:2, instance:Tests.LoginTests@1e800aaa]" name="invalidLoginTest" class="Tests.LoginTests"/>
        <method signature="ProductTests.verifyProductCount()[pri:2, instance:Tests.ProductTests@2002fc1d]" name="verifyProductCount" class="Tests.ProductTests"/>
        <method signature="CartTests.verifyProductInCart()[pri:3, instance:Tests.CartTests@3c3d9b6b]" name="verifyProductInCart" class="Tests.CartTests"/>
        <method signature="CheckoutTests.completeCheckoutWithValidDetails()[pri:3, instance:Tests.CheckoutTests@79d8407f]" name="completeCheckoutWithValidDetails" class="Tests.CheckoutTests"/>
        <method signature="LoginTests.logoutTest()[pri:3, instance:Tests.LoginTests@1e800aaa]" name="logoutTest" class="Tests.LoginTests"/>
        <method signature="ProductTests.verifyAllProductsHaveNames()[pri:3, instance:Tests.ProductTests@2002fc1d]" name="verifyAllProductsHaveNames" class="Tests.ProductTests"/>
        <method signature="CartTests.verifyProductName()[pri:4, instance:Tests.CartTests@3c3d9b6b]" name="verifyProductName" class="Tests.CartTests"/>
        <method signature="CheckoutTests.verifyEmptyFirstNameError()[pri:4, instance:Tests.CheckoutTests@79d8407f]" name="verifyEmptyFirstNameError" class="Tests.CheckoutTests"/>
        <method signature="ProductTests.verifyAllProductsHavePrices()[pri:4, instance:Tests.ProductTests@2002fc1d]" name="verifyAllProductsHavePrices" class="Tests.ProductTests"/>
        <method signature="CartTests.verifyProductPrice()[pri:5, instance:Tests.CartTests@3c3d9b6b]" name="verifyProductPrice" class="Tests.CartTests"/>
        <method signature="CheckoutTests.verifyEmptyLastNameError()[pri:5, instance:Tests.CheckoutTests@79d8407f]" name="verifyEmptyLastNameError" class="Tests.CheckoutTests"/>
        <method signature="ProductTests.verifyAddToCartButtons()[pri:5, instance:Tests.ProductTests@2002fc1d]" name="verifyAddToCartButtons" class="Tests.ProductTests"/>
        <method signature="CartTests.verifyProductQuantity()[pri:6, instance:Tests.CartTests@3c3d9b6b]" name="verifyProductQuantity" class="Tests.CartTests"/>
        <method signature="CheckoutTests.verifyEmptyZipCodeError()[pri:6, instance:Tests.CheckoutTests@79d8407f]" name="verifyEmptyZipCodeError" class="Tests.CheckoutTests"/>
        <method signature="ProductTests.sortByNameAtoZ()[pri:6, instance:Tests.ProductTests@2002fc1d]" name="sortByNameAtoZ" class="Tests.ProductTests"/>
        <method signature="CartTests.removeProductVerifyCartEmpty()[pri:7, instance:Tests.CartTests@3c3d9b6b]" name="removeProductVerifyCartEmpty" class="Tests.CartTests"/>
        <method signature="CheckoutTests.verifyAllFieldsEmptyError()[pri:7, instance:Tests.CheckoutTests@79d8407f]" name="verifyAllFieldsEmptyError" class="Tests.CheckoutTests"/>
        <method signature="ProductTests.sortByNameZtoA()[pri:7, instance:Tests.ProductTests@2002fc1d]" name="sortByNameZtoA" class="Tests.ProductTests"/>
        <method signature="CartTests.removeProductVerifyCount()[pri:8, instance:Tests.CartTests@3c3d9b6b]" name="removeProductVerifyCount" class="Tests.CartTests"/>
        <method signature="CheckoutTests.verifyCancelReturnsToCart()[pri:8, instance:Tests.CheckoutTests@79d8407f]" name="verifyCancelReturnsToCart" class="Tests.CheckoutTests"/>
        <method signature="ProductTests.sortByPriceLowToHigh()[pri:8, instance:Tests.ProductTests@2002fc1d]" name="sortByPriceLowToHigh" class="Tests.ProductTests"/>
        <method signature="CartTests.addTwoRemoveOneVerifyOneRemains()[pri:9, instance:Tests.CartTests@3c3d9b6b]" name="addTwoRemoveOneVerifyOneRemains" class="Tests.CartTests"/>
        <method signature="CheckoutTests.verifyOverviewPageTitle()[pri:9, instance:Tests.CheckoutTests@79d8407f]" name="verifyOverviewPageTitle" class="Tests.CheckoutTests"/>
        <method signature="ProductTests.sortByPriceHighToLow()[pri:9, instance:Tests.ProductTests@2002fc1d]" name="sortByPriceHighToLow" class="Tests.ProductTests"/>
        <method signature="CartTests.verifyRemovedProductGone()[pri:10, instance:Tests.CartTests@3c3d9b6b]" name="verifyRemovedProductGone" class="Tests.CartTests"/>
        <method signature="CheckoutTests.verifyOverviewUrl()[pri:10, instance:Tests.CheckoutTests@79d8407f]" name="verifyOverviewUrl" class="Tests.CheckoutTests"/>
        <method signature="ProductTests.addOneProductVerifyBadge()[pri:10, instance:Tests.ProductTests@2002fc1d]" name="addOneProductVerifyBadge" class="Tests.ProductTests"/>
        <method signature="CartTests.verifyContinueShopping()[pri:11, instance:Tests.CartTests@3c3d9b6b]" name="verifyContinueShopping" class="Tests.CartTests"/>
        <method signature="CheckoutTests.verifyOverviewProductName()[pri:11, instance:Tests.CheckoutTests@79d8407f]" name="verifyOverviewProductName" class="Tests.CheckoutTests"/>
        <method signature="ProductTests.addTwoProductsVerifyBadge()[pri:11, instance:Tests.ProductTests@2002fc1d]" name="addTwoProductsVerifyBadge" class="Tests.ProductTests"/>
        <method signature="CartTests.verifyProductsPageAfterContinue()[pri:12, instance:Tests.CartTests@3c3d9b6b]" name="verifyProductsPageAfterContinue" class="Tests.CartTests"/>
        <method signature="CheckoutTests.verifyOverviewProductPrice()[pri:12, instance:Tests.CheckoutTests@79d8407f]" name="verifyOverviewProductPrice" class="Tests.CheckoutTests"/>
        <method signature="ProductTests.verifyButtonChangesToRemove()[pri:12, instance:Tests.ProductTests@2002fc1d]" name="verifyButtonChangesToRemove" class="Tests.ProductTests"/>
        <method signature="CartTests.verifyBadgePersistsAfterContinue()[pri:13, instance:Tests.CartTests@3c3d9b6b]" name="verifyBadgePersistsAfterContinue" class="Tests.CartTests"/>
        <method signature="CheckoutTests.verifyCancelOnOverview()[pri:13, instance:Tests.CheckoutTests@79d8407f]" name="verifyCancelOnOverview" class="Tests.CheckoutTests"/>
        <method signature="ProductTests.removeProductVerifyBadgeDisappears()[pri:13, instance:Tests.ProductTests@2002fc1d]" name="removeProductVerifyBadgeDisappears" class="Tests.ProductTests"/>
        <method signature="CartTests.verifyCheckoutNavigation()[pri:14, instance:Tests.CartTests@3c3d9b6b]" name="verifyCheckoutNavigation" class="Tests.CartTests"/>
        <method signature="CheckoutTests.verifyFinishNavigation()[pri:14, instance:Tests.CheckoutTests@79d8407f]" name="verifyFinishNavigation" class="Tests.CheckoutTests"/>
        <method signature="ProductTests.addTwoRemoveOneVerifyBadge()[pri:14, instance:Tests.ProductTests@2002fc1d]" name="addTwoRemoveOneVerifyBadge" class="Tests.ProductTests"/>
        <method signature="CartTests.verifyCheckoutUrl()[pri:15, instance:Tests.CartTests@3c3d9b6b]" name="verifyCheckoutUrl" class="Tests.CartTests"/>
        <method signature="CheckoutTests.verifyConfirmationUrl()[pri:15, instance:Tests.CheckoutTests@79d8407f]" name="verifyConfirmationUrl" class="Tests.CheckoutTests"/>
        <method signature="CartTests.verifyEmptyCart()[pri:16, instance:Tests.CartTests@3c3d9b6b]" name="verifyEmptyCart" class="Tests.CartTests"/>
        <method signature="CheckoutTests.verifySuccessMessageDisplayed()[pri:16, instance:Tests.CheckoutTests@79d8407f]" name="verifySuccessMessageDisplayed" class="Tests.CheckoutTests"/>
        <method signature="CartTests.verifyBadgeNotVisibleWhenEmpty()[pri:17, instance:Tests.CartTests@3c3d9b6b]" name="verifyBadgeNotVisibleWhenEmpty" class="Tests.CartTests"/>
        <method signature="CheckoutTests.verifySuccessMessageText()[pri:17, instance:Tests.CheckoutTests@79d8407f]" name="verifySuccessMessageText" class="Tests.CheckoutTests"/>
        <method signature="CheckoutTests.verifyBackHomeButton()[pri:18, instance:Tests.CheckoutTests@79d8407f]" name="verifyBackHomeButton" class="Tests.CheckoutTests"/>
        <method signature="CheckoutTests.completeFullCheckoutFlow()[pri:19, instance:Tests.CheckoutTests@79d8407f]" name="completeFullCheckoutFlow" class="Tests.CheckoutTests"/>
        <method signature="CheckoutTests.verifyCartEmptyAfterCheckout()[pri:20, instance:Tests.CheckoutTests@79d8407f]" name="verifyCartEmptyAfterCheckout" class="Tests.CheckoutTests"/>
        <method signature="CheckoutTests.verifyBadgeDisappearsAfterCheckout()[pri:21, instance:Tests.CheckoutTests@79d8407f]" name="verifyBadgeDisappearsAfterCheckout" class="Tests.CheckoutTests"/>
      </group> <!-- regression -->
      <group name="smoke">
        <method signature="CartTests.verifyCartTitle()[pri:1, instance:Tests.CartTests@3c3d9b6b]" name="verifyCartTitle" class="Tests.CartTests"/>
        <method signature="LoginTests.validLoginTest()[pri:1, instance:Tests.LoginTests@1e800aaa]" name="validLoginTest" class="Tests.LoginTests"/>
        <method signature="ProductTests.verifyPageTitle()[pri:1, instance:Tests.ProductTests@2002fc1d]" name="verifyPageTitle" class="Tests.ProductTests"/>
        <method signature="ProductTests.verifyProductCount()[pri:2, instance:Tests.ProductTests@2002fc1d]" name="verifyProductCount" class="Tests.ProductTests"/>
        <method signature="CartTests.verifyProductInCart()[pri:3, instance:Tests.CartTests@3c3d9b6b]" name="verifyProductInCart" class="Tests.CartTests"/>
        <method signature="CheckoutTests.completeCheckoutWithValidDetails()[pri:3, instance:Tests.CheckoutTests@79d8407f]" name="completeCheckoutWithValidDetails" class="Tests.CheckoutTests"/>
        <method signature="CheckoutTests.completeFullCheckoutFlow()[pri:19, instance:Tests.CheckoutTests@79d8407f]" name="completeFullCheckoutFlow" class="Tests.CheckoutTests"/>
      </group> <!-- smoke -->
    </groups>
    <test started-at="2026-05-15T13:32:24 IST" name="Test" finished-at="2026-05-15T13:35:32 IST" duration-ms="188601">
      <class name="Tests.CheckoutTests">
        <test-method is-config="true" signature="setup()[pri:0, instance:Tests.CheckoutTests@79d8407f]" started-at="2026-05-15T13:35:29 IST" name="setup" finished-at="2026-05-15T13:35:32 IST" duration-ms="2905" status="FAIL">
          <exception class="org.openqa.selenium.WebDriverException">
            <message>
              <![CDATA[unknown error: net::ERR_NAME_NOT_RESOLVED
  (Session info: chrome=148.0.7778.167)
Build info: version: '4.21.0', revision: '79ed462ef4'
System info: os.name: 'Windows 11', os.arch: 'amd64', os.version: '10.0', java.version: '21.0.7'
Driver info: org.openqa.selenium.chrome.ChromeDriver
Command: [57b1ce988c4161b2b27db5c70839cec7, get {url=https://www.saucedemo.com}]
Capabilities {acceptInsecureCerts: false, browserName: chrome, browserVersion: 148.0.7778.167, chrome: {chromedriverVersion: 148.0.7778.167 (65db666ac2c..., userDataDir: C:\Users\AkhilaAravind\AppD...}, fedcm:accounts: true, goog:chromeOptions: {debuggerAddress: localhost:62775}, goog:processID: 22584, networkConnectionEnabled: false, pageLoadStrategy: normal, platformName: windows, proxy: Proxy(), se:cdp: ws://localhost:62775/devtoo..., se:cdpVersion: 148.0.7778.167, setWindowRect: true, strictFileInteractability: false, timeouts: {implicit: 0, pageLoad: 300000, script: 30000}, unhandledPromptBehavior: dismiss and notify, webauthn:extension:credBlob: true, webauthn:extension:largeBlob: true, webauthn:extension:minPinLength: true, webauthn:extension:prf: true, webauthn:virtualAuthenticators: true}
Session ID: 57b1ce988c4161b2b27db5c70839cec7]]>
            </message>
            <full-stacktrace>
              <![CDATA[org.openqa.selenium.WebDriverException: unknown error: net::ERR_NAME_NOT_RESOLVED
  (Session info: chrome=148.0.7778.167)
Build info: version: '4.21.0', revision: '79ed462ef4'
System info: os.name: 'Windows 11', os.arch: 'amd64', os.version: '10.0', java.version: '21.0.7'
Driver info: org.openqa.selenium.chrome.ChromeDriver
Command: [57b1ce988c4161b2b27db5c70839cec7, get {url=https://www.saucedemo.com}]
Capabilities {acceptInsecureCerts: false, browserName: chrome, browserVersion: 148.0.7778.167, chrome: {chromedriverVersion: 148.0.7778.167 (65db666ac2c..., userDataDir: C:\Users\AkhilaAravind\AppD...}, fedcm:accounts: true, goog:chromeOptions: {debuggerAddress: localhost:62775}, goog:processID: 22584, networkConnectionEnabled: false, pageLoadStrategy: normal, platformName: windows, proxy: Proxy(), se:cdp: ws://localhost:62775/devtoo..., se:cdpVersion: 148.0.7778.167, setWindowRect: true, strictFileInteractability: false, timeouts: {implicit: 0, pageLoad: 300000, script: 30000}, unhandledPromptBehavior: dismiss and notify, webauthn:extension:credBlob: true, webauthn:extension:largeBlob: true, webauthn:extension:minPinLength: true, webauthn:extension:prf: true, webauthn:virtualAuthenticators: true}
Session ID: 57b1ce988c4161b2b27db5c70839cec7
at java.base/jdk.internal.reflect.DirectConstructorHandleAccessor.newInstance(DirectConstructorHandleAccessor.java:62)
at java.base/java.lang.reflect.Constructor.newInstanceWithCaller(Constructor.java:502)
at java.base/java.lang.reflect.Constructor.newInstance(Constructor.java:486)
at org.openqa.selenium.remote.ErrorCodec.decode(ErrorCodec.java:167)
at org.openqa.selenium.remote.codec.w3c.W3CHttpResponseCodec.decode(W3CHttpResponseCodec.java:138)
at org.openqa.selenium.remote.codec.w3c.W3CHttpResponseCodec.decode(W3CHttpResponseCodec.java:50)
at org.openqa.selenium.remote.HttpCommandExecutor.execute(HttpCommandExecutor.java:190)
at org.openqa.selenium.remote.service.DriverCommandExecutor.invokeExecute(DriverCommandExecutor.java:216)
at org.openqa.selenium.remote.service.DriverCommandExecutor.execute(DriverCommandExecutor.java:174)
at org.openqa.selenium.remote.RemoteWebDriver.execute(RemoteWebDriver.java:518)
at org.openqa.selenium.remote.RemoteWebDriver.get(RemoteWebDriver.java:300)
at Base.BaseClassSauceDemo.setup(BaseClassSauceDemo.java:36)
at java.base/jdk.internal.reflect.DirectMethodHandleAccessor.invoke(DirectMethodHandleAccessor.java:103)
at java.base/java.lang.reflect.Method.invoke(Method.java:580)
at org.testng.internal.invokers.MethodInvocationHelper.invokeMethod(MethodInvocationHelper.java:139)
at org.testng.internal.invokers.MethodInvocationHelper.invokeMethodConsideringTimeout(MethodInvocationHelper.java:69)
at org.testng.internal.invokers.ConfigInvoker.invokeConfigurationMethod(ConfigInvoker.java:393)
at org.testng.internal.invokers.ConfigInvoker.invokeConfigurations(ConfigInvoker.java:326)
at org.testng.internal.invokers.TestInvoker.runConfigMethods(TestInvoker.java:810)
at org.testng.internal.invokers.TestInvoker.invokeMethod(TestInvoker.java:578)
at org.testng.internal.invokers.TestInvoker.invokeTestMethod(TestInvoker.java:228)
at org.testng.internal.invokers.MethodRunner.runInSequence(MethodRunner.java:63)
at org.testng.internal.invokers.TestInvoker$MethodInvocationAgent.invoke(TestInvoker.java:961)
at org.testng.internal.invokers.TestInvoker.invokeTestMethods(TestInvoker.java:201)
at org.testng.internal.invokers.TestMethodWorker.invokeTestMethods(TestMethodWorker.java:148)
at org.testng.internal.invokers.TestMethodWorker.run(TestMethodWorker.java:128)
at java.base/java.util.ArrayList.forEach(ArrayList.java:1596)
at org.testng.TestRunner.privateRun(TestRunner.java:819)
at org.testng.TestRunner.run(TestRunner.java:619)
at org.testng.SuiteRunner.runTest(SuiteRunner.java:443)
at org.testng.SuiteRunner.runSequentially(SuiteRunner.java:437)
at org.testng.SuiteRunner.privateRun(SuiteRunner.java:397)
at org.testng.SuiteRunner.run(SuiteRunner.java:336)
at org.testng.SuiteRunnerWorker.runSuite(SuiteRunnerWorker.java:52)
at org.testng.SuiteRunnerWorker.run(SuiteRunnerWorker.java:95)
at org.testng.TestNG.runSuitesSequentially(TestNG.java:1301)
at org.testng.TestNG.runSuitesLocally(TestNG.java:1228)
at org.testng.TestNG.runSuites(TestNG.java:1134)
at org.testng.TestNG.run(TestNG.java:1101)
at org.testng.remote.AbstractRemoteTestNG.run(AbstractRemoteTestNG.java:115)
at org.testng.remote.RemoteTestNG.initAndRun(RemoteTestNG.java:293)
at org.testng.remote.RemoteTestNG.main(RemoteTestNG.java:91)
]]>
            </full-stacktrace>
          </exception> <!-- org.openqa.selenium.WebDriverException -->
          <reporter-output>
          </reporter-output>
        </test-method> <!-- setup -->
        <test-method is-config="true" signature="goToCheckout()[pri:0, instance:Tests.CheckoutTests@79d8407f]" started-at="2026-05-15T13:35:32 IST" name="goToCheckout" finished-at="2026-05-15T13:35:32 IST" duration-ms="0" status="SKIP">
          <reporter-output>
          </reporter-output>
        </test-method> <!-- goToCheckout -->
        <test-method signature="verifyCheckoutPageTitle()[pri:1, instance:Tests.CheckoutTests@79d8407f]" started-at="2026-05-15T13:35:32 IST" name="verifyCheckoutPageTitle" description="Verify checkout page title" finished-at="2026-05-15T13:35:32 IST" duration-ms="0" status="SKIP">
          <exception class="org.openqa.selenium.WebDriverException">
            <message>
              <![CDATA[unknown error: net::ERR_NAME_NOT_RESOLVED
  (Session info: chrome=148.0.7778.167)
Build info: version: '4.21.0', revision: '79ed462ef4'
System info: os.name: 'Windows 11', os.arch: 'amd64', os.version: '10.0', java.version: '21.0.7'
Driver info: org.openqa.selenium.chrome.ChromeDriver
Command: [57b1ce988c4161b2b27db5c70839cec7, get {url=https://www.saucedemo.com}]
Capabilities {acceptInsecureCerts: false, browserName: chrome, browserVersion: 148.0.7778.167, chrome: {chromedriverVersion: 148.0.7778.167 (65db666ac2c..., userDataDir: C:\Users\AkhilaAravind\AppD...}, fedcm:accounts: true, goog:chromeOptions: {debuggerAddress: localhost:62775}, goog:processID: 22584, networkConnectionEnabled: false, pageLoadStrategy: normal, platformName: windows, proxy: Proxy(), se:cdp: ws://localhost:62775/devtoo..., se:cdpVersion: 148.0.7778.167, setWindowRect: true, strictFileInteractability: false, timeouts: {implicit: 0, pageLoad: 300000, script: 30000}, unhandledPromptBehavior: dismiss and notify, webauthn:extension:credBlob: true, webauthn:extension:largeBlob: true, webauthn:extension:minPinLength: true, webauthn:extension:prf: true, webauthn:virtualAuthenticators: true}
Session ID: 57b1ce988c4161b2b27db5c70839cec7]]>
            </message>
            <full-stacktrace>
              <![CDATA[org.openqa.selenium.WebDriverException: unknown error: net::ERR_NAME_NOT_RESOLVED
  (Session info: chrome=148.0.7778.167)
Build info: version: '4.21.0', revision: '79ed462ef4'
System info: os.name: 'Windows 11', os.arch: 'amd64', os.version: '10.0', java.version: '21.0.7'
Driver info: org.openqa.selenium.chrome.ChromeDriver
Command: [57b1ce988c4161b2b27db5c70839cec7, get {url=https://www.saucedemo.com}]
Capabilities {acceptInsecureCerts: false, browserName: chrome, browserVersion: 148.0.7778.167, chrome: {chromedriverVersion: 148.0.7778.167 (65db666ac2c..., userDataDir: C:\Users\AkhilaAravind\AppD...}, fedcm:accounts: true, goog:chromeOptions: {debuggerAddress: localhost:62775}, goog:processID: 22584, networkConnectionEnabled: false, pageLoadStrategy: normal, platformName: windows, proxy: Proxy(), se:cdp: ws://localhost:62775/devtoo..., se:cdpVersion: 148.0.7778.167, setWindowRect: true, strictFileInteractability: false, timeouts: {implicit: 0, pageLoad: 300000, script: 30000}, unhandledPromptBehavior: dismiss and notify, webauthn:extension:credBlob: true, webauthn:extension:largeBlob: true, webauthn:extension:minPinLength: true, webauthn:extension:prf: true, webauthn:virtualAuthenticators: true}
Session ID: 57b1ce988c4161b2b27db5c70839cec7
at java.base/jdk.internal.reflect.DirectConstructorHandleAccessor.newInstance(DirectConstructorHandleAccessor.java:62)
at java.base/java.lang.reflect.Constructor.newInstanceWithCaller(Constructor.java:502)
at java.base/java.lang.reflect.Constructor.newInstance(Constructor.java:486)
at org.openqa.selenium.remote.ErrorCodec.decode(ErrorCodec.java:167)
at org.openqa.selenium.remote.codec.w3c.W3CHttpResponseCodec.decode(W3CHttpResponseCodec.java:138)
at org.openqa.selenium.remote.codec.w3c.W3CHttpResponseCodec.decode(W3CHttpResponseCodec.java:50)
at org.openqa.selenium.remote.HttpCommandExecutor.execute(HttpCommandExecutor.java:190)
at org.openqa.selenium.remote.service.DriverCommandExecutor.invokeExecute(DriverCommandExecutor.java:216)
at org.openqa.selenium.remote.service.DriverCommandExecutor.execute(DriverCommandExecutor.java:174)
at org.openqa.selenium.remote.RemoteWebDriver.execute(RemoteWebDriver.java:518)
at org.openqa.selenium.remote.RemoteWebDriver.get(RemoteWebDriver.java:300)
at Base.BaseClassSauceDemo.setup(BaseClassSauceDemo.java:36)
at java.base/jdk.internal.reflect.DirectMethodHandleAccessor.invoke(DirectMethodHandleAccessor.java:103)
at java.base/java.lang.reflect.Method.invoke(Method.java:580)
at org.testng.internal.invokers.MethodInvocationHelper.invokeMethod(MethodInvocationHelper.java:139)
at org.testng.internal.invokers.MethodInvocationHelper.invokeMethodConsideringTimeout(MethodInvocationHelper.java:69)
at org.testng.internal.invokers.ConfigInvoker.invokeConfigurationMethod(ConfigInvoker.java:393)
at org.testng.internal.invokers.ConfigInvoker.invokeConfigurations(ConfigInvoker.java:326)
at org.testng.internal.invokers.TestInvoker.runConfigMethods(TestInvoker.java:810)
at org.testng.internal.invokers.TestInvoker.invokeMethod(TestInvoker.java:578)
at org.testng.internal.invokers.TestInvoker.invokeTestMethod(TestInvoker.java:228)
at org.testng.internal.invokers.MethodRunner.runInSequence(MethodRunner.java:63)
at org.testng.internal.invokers.TestInvoker$MethodInvocationAgent.invoke(TestInvoker.java:961)
at org.testng.internal.invokers.TestInvoker.invokeTestMethods(TestInvoker.java:201)
at org.testng.internal.invokers.TestMethodWorker.invokeTestMethods(TestMethodWorker.java:148)
at org.testng.internal.invokers.TestMethodWorker.run(TestMethodWorker.java:128)
at java.base/java.util.ArrayList.forEach(ArrayList.java:1596)
at org.testng.TestRunner.privateRun(TestRunner.java:819)
at org.testng.TestRunner.run(TestRunner.java:619)
at org.testng.SuiteRunner.runTest(SuiteRunner.java:443)
at org.testng.SuiteRunner.runSequentially(SuiteRunner.java:437)
at org.testng.SuiteRunner.privateRun(SuiteRunner.java:397)
at org.testng.SuiteRunner.run(SuiteRunner.java:336)
at org.testng.SuiteRunnerWorker.runSuite(SuiteRunnerWorker.java:52)
at org.testng.SuiteRunnerWorker.run(SuiteRunnerWorker.java:95)
at org.testng.TestNG.runSuitesSequentially(TestNG.java:1301)
at org.testng.TestNG.runSuitesLocally(TestNG.java:1228)
at org.testng.TestNG.runSuites(TestNG.java:1134)
at org.testng.TestNG.run(TestNG.java:1101)
at org.testng.remote.AbstractRemoteTestNG.run(AbstractRemoteTestNG.java:115)
at org.testng.remote.RemoteTestNG.initAndRun(RemoteTestNG.java:293)
at org.testng.remote.RemoteTestNG.main(RemoteTestNG.java:91)
]]>
            </full-stacktrace>
          </exception> <!-- org.openqa.selenium.WebDriverException -->
          <reporter-output>
          </reporter-output>
        </test-method> <!-- verifyCheckoutPageTitle -->
        <test-method is-config="true" signature="teardown()[pri:0, instance:Tests.CheckoutTests@79d8407f]" started-at="2026-05-15T13:35:32 IST" name="teardown" finished-at="2026-05-15T13:35:32 IST" duration-ms="0" status="SKIP">
          <reporter-output>
          </reporter-output>
        </test-method> <!-- teardown -->
        <test-method is-config="true" signature="setup()[pri:0, instance:Tests.CheckoutTests@79d8407f]" started-at="2026-05-15T13:35:32 IST" name="setup" finished-at="2026-05-15T13:35:32 IST" duration-ms="0" status="SKIP">
          <reporter-output>
          </reporter-output>
        </test-method> <!-- setup -->
        <test-method is-config="true" signature="goToCheckout()[pri:0, instance:Tests.CheckoutTests@79d8407f]" started-at="2026-05-15T13:35:32 IST" name="goToCheckout" finished-at="2026-05-15T13:35:32 IST" duration-ms="0" status="SKIP">
          <reporter-output>
          </reporter-output>
        </test-method> <!-- goToCheckout -->
        <test-method signature="verifyCheckoutUrl()[pri:2, instance:Tests.CheckoutTests@79d8407f]" started-at="2026-05-15T13:35:32 IST" name="verifyCheckoutUrl" description="Verify checkout URL contains checkout-step-one" finished-at="2026-05-15T13:35:32 IST" duration-ms="1" status="SKIP">
          <exception class="org.openqa.selenium.WebDriverException">
            <message>
              <![CDATA[unknown error: net::ERR_NAME_NOT_RESOLVED
  (Session info: chrome=148.0.7778.167)
Build info: version: '4.21.0', revision: '79ed462ef4'
System info: os.name: 'Windows 11', os.arch: 'amd64', os.version: '10.0', java.version: '21.0.7'
Driver info: org.openqa.selenium.chrome.ChromeDriver
Command: [57b1ce988c4161b2b27db5c70839cec7, get {url=https://www.saucedemo.com}]
Capabilities {acceptInsecureCerts: false, browserName: chrome, browserVersion: 148.0.7778.167, chrome: {chromedriverVersion: 148.0.7778.167 (65db666ac2c..., userDataDir: C:\Users\AkhilaAravind\AppD...}, fedcm:accounts: true, goog:chromeOptions: {debuggerAddress: localhost:62775}, goog:processID: 22584, networkConnectionEnabled: false, pageLoadStrategy: normal, platformName: windows, proxy: Proxy(), se:cdp: ws://localhost:62775/devtoo..., se:cdpVersion: 148.0.7778.167, setWindowRect: true, strictFileInteractability: false, timeouts: {implicit: 0, pageLoad: 300000, script: 30000}, unhandledPromptBehavior: dismiss and notify, webauthn:extension:credBlob: true, webauthn:extension:largeBlob: true, webauthn:extension:minPinLength: true, webauthn:extension:prf: true, webauthn:virtualAuthenticators: true}
Session ID: 57b1ce988c4161b2b27db5c70839cec7]]>
            </message>
            <full-stacktrace>
              <![CDATA[org.openqa.selenium.WebDriverException: unknown error: net::ERR_NAME_NOT_RESOLVED
  (Session info: chrome=148.0.7778.167)
Build info: version: '4.21.0', revision: '79ed462ef4'
System info: os.name: 'Windows 11', os.arch: 'amd64', os.version: '10.0', java.version: '21.0.7'
Driver info: org.openqa.selenium.chrome.ChromeDriver
Command: [57b1ce988c4161b2b27db5c70839cec7, get {url=https://www.saucedemo.com}]
Capabilities {acceptInsecureCerts: false, browserName: chrome, browserVersion: 148.0.7778.167, chrome: {chromedriverVersion: 148.0.7778.167 (65db666ac2c..., userDataDir: C:\Users\AkhilaAravind\AppD...}, fedcm:accounts: true, goog:chromeOptions: {debuggerAddress: localhost:62775}, goog:processID: 22584, networkConnectionEnabled: false, pageLoadStrategy: normal, platformName: windows, proxy: Proxy(), se:cdp: ws://localhost:62775/devtoo..., se:cdpVersion: 148.0.7778.167, setWindowRect: true, strictFileInteractability: false, timeouts: {implicit: 0, pageLoad: 300000, script: 30000}, unhandledPromptBehavior: dismiss and notify, webauthn:extension:credBlob: true, webauthn:extension:largeBlob: true, webauthn:extension:minPinLength: true, webauthn:extension:prf: true, webauthn:virtualAuthenticators: true}
Session ID: 57b1ce988c4161b2b27db5c70839cec7
at java.base/jdk.internal.reflect.DirectConstructorHandleAccessor.newInstance(DirectConstructorHandleAccessor.java:62)
at java.base/java.lang.reflect.Constructor.newInstanceWithCaller(Constructor.java:502)
at java.base/java.lang.reflect.Constructor.newInstance(Constructor.java:486)
at org.openqa.selenium.remote.ErrorCodec.decode(ErrorCodec.java:167)
at org.openqa.selenium.remote.codec.w3c.W3CHttpResponseCodec.decode(W3CHttpResponseCodec.java:138)
at org.openqa.selenium.remote.codec.w3c.W3CHttpResponseCodec.decode(W3CHttpResponseCodec.java:50)
at org.openqa.selenium.remote.HttpCommandExecutor.execute(HttpCommandExecutor.java:190)
at org.openqa.selenium.remote.service.DriverCommandExecutor.invokeExecute(DriverCommandExecutor.java:216)
at org.openqa.selenium.remote.service.DriverCommandExecutor.execute(DriverCommandExecutor.java:174)
at org.openqa.selenium.remote.RemoteWebDriver.execute(RemoteWebDriver.java:518)
at org.openqa.selenium.remote.RemoteWebDriver.get(RemoteWebDriver.java:300)
at Base.BaseClassSauceDemo.setup(BaseClassSauceDemo.java:36)
at java.base/jdk.internal.reflect.DirectMethodHandleAccessor.invoke(DirectMethodHandleAccessor.java:103)
at java.base/java.lang.reflect.Method.invoke(Method.java:580)
at org.testng.internal.invokers.MethodInvocationHelper.invokeMethod(MethodInvocationHelper.java:139)
at org.testng.internal.invokers.MethodInvocationHelper.invokeMethodConsideringTimeout(MethodInvocationHelper.java:69)
at org.testng.internal.invokers.ConfigInvoker.invokeConfigurationMethod(ConfigInvoker.java:393)
at org.testng.internal.invokers.ConfigInvoker.invokeConfigurations(ConfigInvoker.java:326)
at org.testng.internal.invokers.TestInvoker.runConfigMethods(TestInvoker.java:810)
at org.testng.internal.invokers.TestInvoker.invokeMethod(TestInvoker.java:578)
at org.testng.internal.invokers.TestInvoker.invokeTestMethod(TestInvoker.java:228)
at org.testng.internal.invokers.MethodRunner.runInSequence(MethodRunner.java:63)
at org.testng.internal.invokers.TestInvoker$MethodInvocationAgent.invoke(TestInvoker.java:961)
at org.testng.internal.invokers.TestInvoker.invokeTestMethods(TestInvoker.java:201)
at org.testng.internal.invokers.TestMethodWorker.invokeTestMethods(TestMethodWorker.java:148)
at org.testng.internal.invokers.TestMethodWorker.run(TestMethodWorker.java:128)
at java.base/java.util.ArrayList.forEach(ArrayList.java:1596)
at org.testng.TestRunner.privateRun(TestRunner.java:819)
at org.testng.TestRunner.run(TestRunner.java:619)
at org.testng.SuiteRunner.runTest(SuiteRunner.java:443)
at org.testng.SuiteRunner.runSequentially(SuiteRunner.java:437)
at org.testng.SuiteRunner.privateRun(SuiteRunner.java:397)
at org.testng.SuiteRunner.run(SuiteRunner.java:336)
at org.testng.SuiteRunnerWorker.runSuite(SuiteRunnerWorker.java:52)
at org.testng.SuiteRunnerWorker.run(SuiteRunnerWorker.java:95)
at org.testng.TestNG.runSuitesSequentially(TestNG.java:1301)
at org.testng.TestNG.runSuitesLocally(TestNG.java:1228)
at org.testng.TestNG.runSuites(TestNG.java:1134)
at org.testng.TestNG.run(TestNG.java:1101)
at org.testng.remote.AbstractRemoteTestNG.run(AbstractRemoteTestNG.java:115)
at org.testng.remote.RemoteTestNG.initAndRun(RemoteTestNG.java:293)
at org.testng.remote.RemoteTestNG.main(RemoteTestNG.java:91)
]]>
            </full-stacktrace>
          </exception> <!-- org.openqa.selenium.WebDriverException -->
          <reporter-output>
          </reporter-output>
        </test-method> <!-- verifyCheckoutUrl -->
        <test-method is-config="true" signature="teardown()[pri:0, instance:Tests.CheckoutTests@79d8407f]" started-at="2026-05-15T13:35:32 IST" name="teardown" finished-at="2026-05-15T13:35:32 IST" duration-ms="0" status="SKIP">
          <reporter-output>
          </reporter-output>
        </test-method> <!-- teardown -->
        <test-method is-config="true" signature="setup()[pri:0, instance:Tests.CheckoutTests@79d8407f]" started-at="2026-05-15T13:35:32 IST" name="setup" finished-at="2026-05-15T13:35:32 IST" duration-ms="0" status="SKIP">
          <reporter-output>
          </reporter-output>
        </test-method> <!-- setup -->
        <test-method is-config="true" signature="goToCheckout()[pri:0, instance:Tests.CheckoutTests@79d8407f]" started-at="2026-05-15T13:35:32 IST" name="goToCheckout" finished-at="2026-05-15T13:35:32 IST" duration-ms="0" status="SKIP">
          <reporter-output>
          </reporter-output>
        </test-method> <!-- goToCheckout -->
        <test-method signature="completeCheckoutWithValidDetails()[pri:3, instance:Tests.CheckoutTests@79d8407f]" started-at="2026-05-15T13:35:32 IST" name="completeCheckoutWithValidDetails" description="Complete checkout with valid details" finished-at="2026-05-15T13:35:32 IST" duration-ms="0" status="SKIP">
          <exception class="org.openqa.selenium.WebDriverException">
            <message>
              <![CDATA[unknown error: net::ERR_NAME_NOT_RESOLVED
  (Session info: chrome=148.0.7778.167)
Build info: version: '4.21.0', revision: '79ed462ef4'
System info: os.name: 'Windows 11', os.arch: 'amd64', os.version: '10.0', java.version: '21.0.7'
Driver info: org.openqa.selenium.chrome.ChromeDriver
Command: [57b1ce988c4161b2b27db5c70839cec7, get {url=https://www.saucedemo.com}]
Capabilities {acceptInsecureCerts: false, browserName: chrome, browserVersion: 148.0.7778.167, chrome: {chromedriverVersion: 148.0.7778.167 (65db666ac2c..., userDataDir: C:\Users\AkhilaAravind\AppD...}, fedcm:accounts: true, goog:chromeOptions: {debuggerAddress: localhost:62775}, goog:processID: 22584, networkConnectionEnabled: false, pageLoadStrategy: normal, platformName: windows, proxy: Proxy(), se:cdp: ws://localhost:62775/devtoo..., se:cdpVersion: 148.0.7778.167, setWindowRect: true, strictFileInteractability: false, timeouts: {implicit: 0, pageLoad: 300000, script: 30000}, unhandledPromptBehavior: dismiss and notify, webauthn:extension:credBlob: true, webauthn:extension:largeBlob: true, webauthn:extension:minPinLength: true, webauthn:extension:prf: true, webauthn:virtualAuthenticators: true}
Session ID: 57b1ce988c4161b2b27db5c70839cec7]]>
            </message>
            <full-stacktrace>
              <![CDATA[org.openqa.selenium.WebDriverException: unknown error: net::ERR_NAME_NOT_RESOLVED
  (Session info: chrome=148.0.7778.167)
Build info: version: '4.21.0', revision: '79ed462ef4'
System info: os.name: 'Windows 11', os.arch: 'amd64', os.version: '10.0', java.version: '21.0.7'
Driver info: org.openqa.selenium.chrome.ChromeDriver
Command: [57b1ce988c4161b2b27db5c70839cec7, get {url=https://www.saucedemo.com}]
Capabilities {acceptInsecureCerts: false, browserName: chrome, browserVersion: 148.0.7778.167, chrome: {chromedriverVersion: 148.0.7778.167 (65db666ac2c..., userDataDir: C:\Users\AkhilaAravind\AppD...}, fedcm:accounts: true, goog:chromeOptions: {debuggerAddress: localhost:62775}, goog:processID: 22584, networkConnectionEnabled: false, pageLoadStrategy: normal, platformName: windows, proxy: Proxy(), se:cdp: ws://localhost:62775/devtoo..., se:cdpVersion: 148.0.7778.167, setWindowRect: true, strictFileInteractability: false, timeouts: {implicit: 0, pageLoad: 300000, script: 30000}, unhandledPromptBehavior: dismiss and notify, webauthn:extension:credBlob: true, webauthn:extension:largeBlob: true, webauthn:extension:minPinLength: true, webauthn:extension:prf: true, webauthn:virtualAuthenticators: true}
Session ID: 57b1ce988c4161b2b27db5c70839cec7
at java.base/jdk.internal.reflect.DirectConstructorHandleAccessor.newInstance(DirectConstructorHandleAccessor.java:62)
at java.base/java.lang.reflect.Constructor.newInstanceWithCaller(Constructor.java:502)
at java.base/java.lang.reflect.Constructor.newInstance(Constructor.java:486)
at org.openqa.selenium.remote.ErrorCodec.decode(ErrorCodec.java:167)
at org.openqa.selenium.remote.codec.w3c.W3CHttpResponseCodec.decode(W3CHttpResponseCodec.java:138)
at org.openqa.selenium.remote.codec.w3c.W3CHttpResponseCodec.decode(W3CHttpResponseCodec.java:50)
at org.openqa.selenium.remote.HttpCommandExecutor.execute(HttpCommandExecutor.java:190)
at org.openqa.selenium.remote.service.DriverCommandExecutor.invokeExecute(DriverCommandExecutor.java:216)
at org.openqa.selenium.remote.service.DriverCommandExecutor.execute(DriverCommandExecutor.java:174)
at org.openqa.selenium.remote.RemoteWebDriver.execute(RemoteWebDriver.java:518)
at org.openqa.selenium.remote.RemoteWebDriver.get(RemoteWebDriver.java:300)
at Base.BaseClassSauceDemo.setup(BaseClassSauceDemo.java:36)
at java.base/jdk.internal.reflect.DirectMethodHandleAccessor.invoke(DirectMethodHandleAccessor.java:103)
at java.base/java.lang.reflect.Method.invoke(Method.java:580)
at org.testng.internal.invokers.MethodInvocationHelper.invokeMethod(MethodInvocationHelper.java:139)
at org.testng.internal.invokers.MethodInvocationHelper.invokeMethodConsideringTimeout(MethodInvocationHelper.java:69)
at org.testng.internal.invokers.ConfigInvoker.invokeConfigurationMethod(ConfigInvoker.java:393)
at org.testng.internal.invokers.ConfigInvoker.invokeConfigurations(ConfigInvoker.java:326)
at org.testng.internal.invokers.TestInvoker.runConfigMethods(TestInvoker.java:810)
at org.testng.internal.invokers.TestInvoker.invokeMethod(TestInvoker.java:578)
at org.testng.internal.invokers.TestInvoker.invokeTestMethod(TestInvoker.java:228)
at org.testng.internal.invokers.MethodRunner.runInSequence(MethodRunner.java:63)
at org.testng.internal.invokers.TestInvoker$MethodInvocationAgent.invoke(TestInvoker.java:961)
at org.testng.internal.invokers.TestInvoker.invokeTestMethods(TestInvoker.java:201)
at org.testng.internal.invokers.TestMethodWorker.invokeTestMethods(TestMethodWorker.java:148)
at org.testng.internal.invokers.TestMethodWorker.run(TestMethodWorker.java:128)
at java.base/java.util.ArrayList.forEach(ArrayList.java:1596)
at org.testng.TestRunner.privateRun(TestRunner.java:819)
at org.testng.TestRunner.run(TestRunner.java:619)
at org.testng.SuiteRunner.runTest(SuiteRunner.java:443)
at org.testng.SuiteRunner.runSequentially(SuiteRunner.java:437)
at org.testng.SuiteRunner.privateRun(SuiteRunner.java:397)
at org.testng.SuiteRunner.run(SuiteRunner.java:336)
at org.testng.SuiteRunnerWorker.runSuite(SuiteRunnerWorker.java:52)
at org.testng.SuiteRunnerWorker.run(SuiteRunnerWorker.java:95)
at org.testng.TestNG.runSuitesSequentially(TestNG.java:1301)
at org.testng.TestNG.runSuitesLocally(TestNG.java:1228)
at org.testng.TestNG.runSuites(TestNG.java:1134)
at org.testng.TestNG.run(TestNG.java:1101)
at org.testng.remote.AbstractRemoteTestNG.run(AbstractRemoteTestNG.java:115)
at org.testng.remote.RemoteTestNG.initAndRun(RemoteTestNG.java:293)
at org.testng.remote.RemoteTestNG.main(RemoteTestNG.java:91)
]]>
            </full-stacktrace>
          </exception> <!-- org.openqa.selenium.WebDriverException -->
          <reporter-output>
          </reporter-output>
        </test-method> <!-- completeCheckoutWithValidDetails -->
        <test-method is-config="true" signature="teardown()[pri:0, instance:Tests.CheckoutTests@79d8407f]" started-at="2026-05-15T13:35:32 IST" name="teardown" finished-at="2026-05-15T13:35:32 IST" duration-ms="0" status="SKIP">
          <reporter-output>
          </reporter-output>
        </test-method> <!-- teardown -->
        <test-method is-config="true" signature="setup()[pri:0, instance:Tests.CheckoutTests@79d8407f]" started-at="2026-05-15T13:35:32 IST" name="setup" finished-at="2026-05-15T13:35:32 IST" duration-ms="0" status="SKIP">
          <reporter-output>
          </reporter-output>
        </test-method> <!-- setup -->
        <test-method is-config="true" signature="goToCheckout()[pri:0, instance:Tests.CheckoutTests@79d8407f]" started-at="2026-05-15T13:35:32 IST" name="goToCheckout" finished-at="2026-05-15T13:35:32 IST" duration-ms="0" status="SKIP">
          <reporter-output>
          </reporter-output>
        </test-method> <!-- goToCheckout -->
        <test-method signature="verifyEmptyFirstNameError()[pri:4, instance:Tests.CheckoutTests@79d8407f]" started-at="2026-05-15T13:35:32 IST" name="verifyEmptyFirstNameError" description="Submit with empty first name verify error" finished-at="2026-05-15T13:35:32 IST" duration-ms="0" status="SKIP">
          <exception class="org.openqa.selenium.WebDriverException">
            <message>
              <![CDATA[unknown error: net::ERR_NAME_NOT_RESOLVED
  (Session info: chrome=148.0.7778.167)
Build info: version: '4.21.0', revision: '79ed462ef4'
System info: os.name: 'Windows 11', os.arch: 'amd64', os.version: '10.0', java.version: '21.0.7'
Driver info: org.openqa.selenium.chrome.ChromeDriver
Command: [57b1ce988c4161b2b27db5c70839cec7, get {url=https://www.saucedemo.com}]
Capabilities {acceptInsecureCerts: false, browserName: chrome, browserVersion: 148.0.7778.167, chrome: {chromedriverVersion: 148.0.7778.167 (65db666ac2c..., userDataDir: C:\Users\AkhilaAravind\AppD...}, fedcm:accounts: true, goog:chromeOptions: {debuggerAddress: localhost:62775}, goog:processID: 22584, networkConnectionEnabled: false, pageLoadStrategy: normal, platformName: windows, proxy: Proxy(), se:cdp: ws://localhost:62775/devtoo..., se:cdpVersion: 148.0.7778.167, setWindowRect: true, strictFileInteractability: false, timeouts: {implicit: 0, pageLoad: 300000, script: 30000}, unhandledPromptBehavior: dismiss and notify, webauthn:extension:credBlob: true, webauthn:extension:largeBlob: true, webauthn:extension:minPinLength: true, webauthn:extension:prf: true, webauthn:virtualAuthenticators: true}
Session ID: 57b1ce988c4161b2b27db5c70839cec7]]>
            </message>
            <full-stacktrace>
              <![CDATA[org.openqa.selenium.WebDriverException: unknown error: net::ERR_NAME_NOT_RESOLVED
  (Session info: chrome=148.0.7778.167)
Build info: version: '4.21.0', revision: '79ed462ef4'
System info: os.name: 'Windows 11', os.arch: 'amd64', os.version: '10.0', java.version: '21.0.7'
Driver info: org.openqa.selenium.chrome.ChromeDriver
Command: [57b1ce988c4161b2b27db5c70839cec7, get {url=https://www.saucedemo.com}]
Capabilities {acceptInsecureCerts: false, browserName: chrome, browserVersion: 148.0.7778.167, chrome: {chromedriverVersion: 148.0.7778.167 (65db666ac2c..., userDataDir: C:\Users\AkhilaAravind\AppD...}, fedcm:accounts: true, goog:chromeOptions: {debuggerAddress: localhost:62775}, goog:processID: 22584, networkConnectionEnabled: false, pageLoadStrategy: normal, platformName: windows, proxy: Proxy(), se:cdp: ws://localhost:62775/devtoo..., se:cdpVersion: 148.0.7778.167, setWindowRect: true, strictFileInteractability: false, timeouts: {implicit: 0, pageLoad: 300000, script: 30000}, unhandledPromptBehavior: dismiss and notify, webauthn:extension:credBlob: true, webauthn:extension:largeBlob: true, webauthn:extension:minPinLength: true, webauthn:extension:prf: true, webauthn:virtualAuthenticators: true}
Session ID: 57b1ce988c4161b2b27db5c70839cec7
at java.base/jdk.internal.reflect.DirectConstructorHandleAccessor.newInstance(DirectConstructorHandleAccessor.java:62)
at java.base/java.lang.reflect.Constructor.newInstanceWithCaller(Constructor.java:502)
at java.base/java.lang.reflect.Constructor.newInstance(Constructor.java:486)
at org.openqa.selenium.remote.ErrorCodec.decode(ErrorCodec.java:167)
at org.openqa.selenium.remote.codec.w3c.W3CHttpResponseCodec.decode(W3CHttpResponseCodec.java:138)
at org.openqa.selenium.remote.codec.w3c.W3CHttpResponseCodec.decode(W3CHttpResponseCodec.java:50)
at org.openqa.selenium.remote.HttpCommandExecutor.execute(HttpCommandExecutor.java:190)
at org.openqa.selenium.remote.service.DriverCommandExecutor.invokeExecute(DriverCommandExecutor.java:216)
at org.openqa.selenium.remote.service.DriverCommandExecutor.execute(DriverCommandExecutor.java:174)
at org.openqa.selenium.remote.RemoteWebDriver.execute(RemoteWebDriver.java:518)
at org.openqa.selenium.remote.RemoteWebDriver.get(RemoteWebDriver.java:300)
at Base.BaseClassSauceDemo.setup(BaseClassSauceDemo.java:36)
at java.base/jdk.internal.reflect.DirectMethodHandleAccessor.invoke(DirectMethodHandleAccessor.java:103)
at java.base/java.lang.reflect.Method.invoke(Method.java:580)
at org.testng.internal.invokers.MethodInvocationHelper.invokeMethod(MethodInvocationHelper.java:139)
at org.testng.internal.invokers.MethodInvocationHelper.invokeMethodConsideringTimeout(MethodInvocationHelper.java:69)
at org.testng.internal.invokers.ConfigInvoker.invokeConfigurationMethod(ConfigInvoker.java:393)
at org.testng.internal.invokers.ConfigInvoker.invokeConfigurations(ConfigInvoker.java:326)
at org.testng.internal.invokers.TestInvoker.runConfigMethods(TestInvoker.java:810)
at org.testng.internal.invokers.TestInvoker.invokeMethod(TestInvoker.java:578)
at org.testng.internal.invokers.TestInvoker.invokeTestMethod(TestInvoker.java:228)
at org.testng.internal.invokers.MethodRunner.runInSequence(MethodRunner.java:63)
at org.testng.internal.invokers.TestInvoker$MethodInvocationAgent.invoke(TestInvoker.java:961)
at org.testng.internal.invokers.TestInvoker.invokeTestMethods(TestInvoker.java:201)
at org.testng.internal.invokers.TestMethodWorker.invokeTestMethods(TestMethodWorker.java:148)
at org.testng.internal.invokers.TestMethodWorker.run(TestMethodWorker.java:128)
at java.base/java.util.ArrayList.forEach(ArrayList.java:1596)
at org.testng.TestRunner.privateRun(TestRunner.java:819)
at org.testng.TestRunner.run(TestRunner.java:619)
at org.testng.SuiteRunner.runTest(SuiteRunner.java:443)
at org.testng.SuiteRunner.runSequentially(SuiteRunner.java:437)
at org.testng.SuiteRunner.privateRun(SuiteRunner.java:397)
at org.testng.SuiteRunner.run(SuiteRunner.java:336)
at org.testng.SuiteRunnerWorker.runSuite(SuiteRunnerWorker.java:52)
at org.testng.SuiteRunnerWorker.run(SuiteRunnerWorker.java:95)
at org.testng.TestNG.runSuitesSequentially(TestNG.java:1301)
at org.testng.TestNG.runSuitesLocally(TestNG.java:1228)
at org.testng.TestNG.runSuites(TestNG.java:1134)
at org.testng.TestNG.run(TestNG.java:1101)
at org.testng.remote.AbstractRemoteTestNG.run(AbstractRemoteTestNG.java:115)
at org.testng.remote.RemoteTestNG.initAndRun(RemoteTestNG.java:293)
at org.testng.remote.RemoteTestNG.main(RemoteTestNG.java:91)
]]>
            </full-stacktrace>
          </exception> <!-- org.openqa.selenium.WebDriverException -->
          <reporter-output>
          </reporter-output>
        </test-method> <!-- verifyEmptyFirstNameError -->
        <test-method is-config="true" signature="teardown()[pri:0, instance:Tests.CheckoutTests@79d8407f]" started-at="2026-05-15T13:35:32 IST" name="teardown" finished-at="2026-05-15T13:35:32 IST" duration-ms="0" status="SKIP">
          <reporter-output>
          </reporter-output>
        </test-method> <!-- teardown -->
        <test-method is-config="true" signature="setup()[pri:0, instance:Tests.CheckoutTests@79d8407f]" started-at="2026-05-15T13:35:32 IST" name="setup" finished-at="2026-05-15T13:35:32 IST" duration-ms="0" status="SKIP">
          <reporter-output>
          </reporter-output>
        </test-method> <!-- setup -->
        <test-method is-config="true" signature="goToCheckout()[pri:0, instance:Tests.CheckoutTests@79d8407f]" started-at="2026-05-15T13:35:32 IST" name="goToCheckout" finished-at="2026-05-15T13:35:32 IST" duration-ms="0" status="SKIP">
          <reporter-output>
          </reporter-output>
        </test-method> <!-- goToCheckout -->
        <test-method signature="verifyEmptyLastNameError()[pri:5, instance:Tests.CheckoutTests@79d8407f]" started-at="2026-05-15T13:35:32 IST" name="verifyEmptyLastNameError" description="Submit with empty last name verify error" finished-at="2026-05-15T13:35:32 IST" duration-ms="0" status="SKIP">
          <exception class="org.openqa.selenium.WebDriverException">
            <message>
              <![CDATA[unknown error: net::ERR_NAME_NOT_RESOLVED
  (Session info: chrome=148.0.7778.167)
Build info: version: '4.21.0', revision: '79ed462ef4'
System info: os.name: 'Windows 11', os.arch: 'amd64', os.version: '10.0', java.version: '21.0.7'
Driver info: org.openqa.selenium.chrome.ChromeDriver
Command: [57b1ce988c4161b2b27db5c70839cec7, get {url=https://www.saucedemo.com}]
Capabilities {acceptInsecureCerts: false, browserName: chrome, browserVersion: 148.0.7778.167, chrome: {chromedriverVersion: 148.0.7778.167 (65db666ac2c..., userDataDir: C:\Users\AkhilaAravind\AppD...}, fedcm:accounts: true, goog:chromeOptions: {debuggerAddress: localhost:62775}, goog:processID: 22584, networkConnectionEnabled: false, pageLoadStrategy: normal, platformName: windows, proxy: Proxy(), se:cdp: ws://localhost:62775/devtoo..., se:cdpVersion: 148.0.7778.167, setWindowRect: true, strictFileInteractability: false, timeouts: {implicit: 0, pageLoad: 300000, script: 30000}, unhandledPromptBehavior: dismiss and notify, webauthn:extension:credBlob: true, webauthn:extension:largeBlob: true, webauthn:extension:minPinLength: true, webauthn:extension:prf: true, webauthn:virtualAuthenticators: true}
Session ID: 57b1ce988c4161b2b27db5c70839cec7]]>
            </message>
            <full-stacktrace>
              <![CDATA[org.openqa.selenium.WebDriverException: unknown error: net::ERR_NAME_NOT_RESOLVED
  (Session info: chrome=148.0.7778.167)
Build info: version: '4.21.0', revision: '79ed462ef4'
System info: os.name: 'Windows 11', os.arch: 'amd64', os.version: '10.0', java.version: '21.0.7'
Driver info: org.openqa.selenium.chrome.ChromeDriver
Command: [57b1ce988c4161b2b27db5c70839cec7, get {url=https://www.saucedemo.com}]
Capabilities {acceptInsecureCerts: false, browserName: chrome, browserVersion: 148.0.7778.167, chrome: {chromedriverVersion: 148.0.7778.167 (65db666ac2c..., userDataDir: C:\Users\AkhilaAravind\AppD...}, fedcm:accounts: true, goog:chromeOptions: {debuggerAddress: localhost:62775}, goog:processID: 22584, networkConnectionEnabled: false, pageLoadStrategy: normal, platformName: windows, proxy: Proxy(), se:cdp: ws://localhost:62775/devtoo..., se:cdpVersion: 148.0.7778.167, setWindowRect: true, strictFileInteractability: false, timeouts: {implicit: 0, pageLoad: 300000, script: 30000}, unhandledPromptBehavior: dismiss and notify, webauthn:extension:credBlob: true, webauthn:extension:largeBlob: true, webauthn:extension:minPinLength: true, webauthn:extension:prf: true, webauthn:virtualAuthenticators: true}
Session ID: 57b1ce988c4161b2b27db5c70839cec7
at java.base/jdk.internal.reflect.DirectConstructorHandleAccessor.newInstance(DirectConstructorHandleAccessor.java:62)
at java.base/java.lang.reflect.Constructor.newInstanceWithCaller(Constructor.java:502)
at java.base/java.lang.reflect.Constructor.newInstance(Constructor.java:486)
at org.openqa.selenium.remote.ErrorCodec.decode(ErrorCodec.java:167)
at org.openqa.selenium.remote.codec.w3c.W3CHttpResponseCodec.decode(W3CHttpResponseCodec.java:138)
at org.openqa.selenium.remote.codec.w3c.W3CHttpResponseCodec.decode(W3CHttpResponseCodec.java:50)
at org.openqa.selenium.remote.HttpCommandExecutor.execute(HttpCommandExecutor.java:190)
at org.openqa.selenium.remote.service.DriverCommandExecutor.invokeExecute(DriverCommandExecutor.java:216)
at org.openqa.selenium.remote.service.DriverCommandExecutor.execute(DriverCommandExecutor.java:174)
at org.openqa.selenium.remote.RemoteWebDriver.execute(RemoteWebDriver.java:518)
at org.openqa.selenium.remote.RemoteWebDriver.get(RemoteWebDriver.java:300)
at Base.BaseClassSauceDemo.setup(BaseClassSauceDemo.java:36)
at java.base/jdk.internal.reflect.DirectMethodHandleAccessor.invoke(DirectMethodHandleAccessor.java:103)
at java.base/java.lang.reflect.Method.invoke(Method.java:580)
at org.testng.internal.invokers.MethodInvocationHelper.invokeMethod(MethodInvocationHelper.java:139)
at org.testng.internal.invokers.MethodInvocationHelper.invokeMethodConsideringTimeout(MethodInvocationHelper.java:69)
at org.testng.internal.invokers.ConfigInvoker.invokeConfigurationMethod(ConfigInvoker.java:393)
at org.testng.internal.invokers.ConfigInvoker.invokeConfigurations(ConfigInvoker.java:326)
at org.testng.internal.invokers.TestInvoker.runConfigMethods(TestInvoker.java:810)
at org.testng.internal.invokers.TestInvoker.invokeMethod(TestInvoker.java:578)
at org.testng.internal.invokers.TestInvoker.invokeTestMethod(TestInvoker.java:228)
at org.testng.internal.invokers.MethodRunner.runInSequence(MethodRunner.java:63)
at org.testng.internal.invokers.TestInvoker$MethodInvocationAgent.invoke(TestInvoker.java:961)
at org.testng.internal.invokers.TestInvoker.invokeTestMethods(TestInvoker.java:201)
at org.testng.internal.invokers.TestMethodWorker.invokeTestMethods(TestMethodWorker.java:148)
at org.testng.internal.invokers.TestMethodWorker.run(TestMethodWorker.java:128)
at java.base/java.util.ArrayList.forEach(ArrayList.java:1596)
at org.testng.TestRunner.privateRun(TestRunner.java:819)
at org.testng.TestRunner.run(TestRunner.java:619)
at org.testng.SuiteRunner.runTest(SuiteRunner.java:443)
at org.testng.SuiteRunner.runSequentially(SuiteRunner.java:437)
at org.testng.SuiteRunner.privateRun(SuiteRunner.java:397)
at org.testng.SuiteRunner.run(SuiteRunner.java:336)
at org.testng.SuiteRunnerWorker.runSuite(SuiteRunnerWorker.java:52)
at org.testng.SuiteRunnerWorker.run(SuiteRunnerWorker.java:95)
at org.testng.TestNG.runSuitesSequentially(TestNG.java:1301)
at org.testng.TestNG.runSuitesLocally(TestNG.java:1228)
at org.testng.TestNG.runSuites(TestNG.java:1134)
at org.testng.TestNG.run(TestNG.java:1101)
at org.testng.remote.AbstractRemoteTestNG.run(AbstractRemoteTestNG.java:115)
at org.testng.remote.RemoteTestNG.initAndRun(RemoteTestNG.java:293)
at org.testng.remote.RemoteTestNG.main(RemoteTestNG.java:91)
]]>
            </full-stacktrace>
          </exception> <!-- org.openqa.selenium.WebDriverException -->
          <reporter-output>
          </reporter-output>
        </test-method> <!-- verifyEmptyLastNameError -->
        <test-method is-config="true" signature="teardown()[pri:0, instance:Tests.CheckoutTests@79d8407f]" started-at="2026-05-15T13:35:32 IST" name="teardown" finished-at="2026-05-15T13:35:32 IST" duration-ms="0" status="SKIP">
          <reporter-output>
          </reporter-output>
        </test-method> <!-- teardown -->
        <test-method is-config="true" signature="setup()[pri:0, instance:Tests.CheckoutTests@79d8407f]" started-at="2026-05-15T13:35:32 IST" name="setup" finished-at="2026-05-15T13:35:32 IST" duration-ms="0" status="SKIP">
          <reporter-output>
          </reporter-output>
        </test-method> <!-- setup -->
        <test-method is-config="true" signature="goToCheckout()[pri:0, instance:Tests.CheckoutTests@79d8407f]" started-at="2026-05-15T13:35:32 IST" name="goToCheckout" finished-at="2026-05-15T13:35:32 IST" duration-ms="0" status="SKIP">
          <reporter-output>
          </reporter-output>
        </test-method> <!-- goToCheckout -->
        <test-method signature="verifyEmptyZipCodeError()[pri:6, instance:Tests.CheckoutTests@79d8407f]" started-at="2026-05-15T13:35:32 IST" name="verifyEmptyZipCodeError" description="Submit with empty zip code verify error" finished-at="2026-05-15T13:35:32 IST" duration-ms="0" status="SKIP">
          <exception class="org.openqa.selenium.WebDriverException">
            <message>
              <![CDATA[unknown error: net::ERR_NAME_NOT_RESOLVED
  (Session info: chrome=148.0.7778.167)
Build info: version: '4.21.0', revision: '79ed462ef4'
System info: os.name: 'Windows 11', os.arch: 'amd64', os.version: '10.0', java.version: '21.0.7'
Driver info: org.openqa.selenium.chrome.ChromeDriver
Command: [57b1ce988c4161b2b27db5c70839cec7, get {url=https://www.saucedemo.com}]
Capabilities {acceptInsecureCerts: false, browserName: chrome, browserVersion: 148.0.7778.167, chrome: {chromedriverVersion: 148.0.7778.167 (65db666ac2c..., userDataDir: C:\Users\AkhilaAravind\AppD...}, fedcm:accounts: true, goog:chromeOptions: {debuggerAddress: localhost:62775}, goog:processID: 22584, networkConnectionEnabled: false, pageLoadStrategy: normal, platformName: windows, proxy: Proxy(), se:cdp: ws://localhost:62775/devtoo..., se:cdpVersion: 148.0.7778.167, setWindowRect: true, strictFileInteractability: false, timeouts: {implicit: 0, pageLoad: 300000, script: 30000}, unhandledPromptBehavior: dismiss and notify, webauthn:extension:credBlob: true, webauthn:extension:largeBlob: true, webauthn:extension:minPinLength: true, webauthn:extension:prf: true, webauthn:virtualAuthenticators: true}
Session ID: 57b1ce988c4161b2b27db5c70839cec7]]>
            </message>
            <full-stacktrace>
              <![CDATA[org.openqa.selenium.WebDriverException: unknown error: net::ERR_NAME_NOT_RESOLVED
  (Session info: chrome=148.0.7778.167)
Build info: version: '4.21.0', revision: '79ed462ef4'
System info: os.name: 'Windows 11', os.arch: 'amd64', os.version: '10.0', java.version: '21.0.7'
Driver info: org.openqa.selenium.chrome.ChromeDriver
Command: [57b1ce988c4161b2b27db5c70839cec7, get {url=https://www.saucedemo.com}]
Capabilities {acceptInsecureCerts: false, browserName: chrome, browserVersion: 148.0.7778.167, chrome: {chromedriverVersion: 148.0.7778.167 (65db666ac2c..., userDataDir: C:\Users\AkhilaAravind\AppD...}, fedcm:accounts: true, goog:chromeOptions: {debuggerAddress: localhost:62775}, goog:processID: 22584, networkConnectionEnabled: false, pageLoadStrategy: normal, platformName: windows, proxy: Proxy(), se:cdp: ws://localhost:62775/devtoo..., se:cdpVersion: 148.0.7778.167, setWindowRect: true, strictFileInteractability: false, timeouts: {implicit: 0, pageLoad: 300000, script: 30000}, unhandledPromptBehavior: dismiss and notify, webauthn:extension:credBlob: true, webauthn:extension:largeBlob: true, webauthn:extension:minPinLength: true, webauthn:extension:prf: true, webauthn:virtualAuthenticators: true}
Session ID: 57b1ce988c4161b2b27db5c70839cec7
at java.base/jdk.internal.reflect.DirectConstructorHandleAccessor.newInstance(DirectConstructorHandleAccessor.java:62)
at java.base/java.lang.reflect.Constructor.newInstanceWithCaller(Constructor.java:502)
at java.base/java.lang.reflect.Constructor.newInstance(Constructor.java:486)
at org.openqa.selenium.remote.ErrorCodec.decode(ErrorCodec.java:167)
at org.openqa.selenium.remote.codec.w3c.W3CHttpResponseCodec.decode(W3CHttpResponseCodec.java:138)
at org.openqa.selenium.remote.codec.w3c.W3CHttpResponseCodec.decode(W3CHttpResponseCodec.java:50)
at org.openqa.selenium.remote.HttpCommandExecutor.execute(HttpCommandExecutor.java:190)
at org.openqa.selenium.remote.service.DriverCommandExecutor.invokeExecute(DriverCommandExecutor.java:216)
at org.openqa.selenium.remote.service.DriverCommandExecutor.execute(DriverCommandExecutor.java:174)
at org.openqa.selenium.remote.RemoteWebDriver.execute(RemoteWebDriver.java:518)
at org.openqa.selenium.remote.RemoteWebDriver.get(RemoteWebDriver.java:300)
at Base.BaseClassSauceDemo.setup(BaseClassSauceDemo.java:36)
at java.base/jdk.internal.reflect.DirectMethodHandleAccessor.invoke(DirectMethodHandleAccessor.java:103)
at java.base/java.lang.reflect.Method.invoke(Method.java:580)
at org.testng.internal.invokers.MethodInvocationHelper.invokeMethod(MethodInvocationHelper.java:139)
at org.testng.internal.invokers.MethodInvocationHelper.invokeMethodConsideringTimeout(MethodInvocationHelper.java:69)
at org.testng.internal.invokers.ConfigInvoker.invokeConfigurationMethod(ConfigInvoker.java:393)
at org.testng.internal.invokers.ConfigInvoker.invokeConfigurations(ConfigInvoker.java:326)
at org.testng.internal.invokers.TestInvoker.runConfigMethods(TestInvoker.java:810)
at org.testng.internal.invokers.TestInvoker.invokeMethod(TestInvoker.java:578)
at org.testng.internal.invokers.TestInvoker.invokeTestMethod(TestInvoker.java:228)
at org.testng.internal.invokers.MethodRunner.runInSequence(MethodRunner.java:63)
at org.testng.internal.invokers.TestInvoker$MethodInvocationAgent.invoke(TestInvoker.java:961)
at org.testng.internal.invokers.TestInvoker.invokeTestMethods(TestInvoker.java:201)
at org.testng.internal.invokers.TestMethodWorker.invokeTestMethods(TestMethodWorker.java:148)
at org.testng.internal.invokers.TestMethodWorker.run(TestMethodWorker.java:128)
at java.base/java.util.ArrayList.forEach(ArrayList.java:1596)
at org.testng.TestRunner.privateRun(TestRunner.java:819)
at org.testng.TestRunner.run(TestRunner.java:619)
at org.testng.SuiteRunner.runTest(SuiteRunner.java:443)
at org.testng.SuiteRunner.runSequentially(SuiteRunner.java:437)
at org.testng.SuiteRunner.privateRun(SuiteRunner.java:397)
at org.testng.SuiteRunner.run(SuiteRunner.java:336)
at org.testng.SuiteRunnerWorker.runSuite(SuiteRunnerWorker.java:52)
at org.testng.SuiteRunnerWorker.run(SuiteRunnerWorker.java:95)
at org.testng.TestNG.runSuitesSequentially(TestNG.java:1301)
at org.testng.TestNG.runSuitesLocally(TestNG.java:1228)
at org.testng.TestNG.runSuites(TestNG.java:1134)
at org.testng.TestNG.run(TestNG.java:1101)
at org.testng.remote.AbstractRemoteTestNG.run(AbstractRemoteTestNG.java:115)
at org.testng.remote.RemoteTestNG.initAndRun(RemoteTestNG.java:293)
at org.testng.remote.RemoteTestNG.main(RemoteTestNG.java:91)
]]>
            </full-stacktrace>
          </exception> <!-- org.openqa.selenium.WebDriverException -->
          <reporter-output>
          </reporter-output>
        </test-method> <!-- verifyEmptyZipCodeError -->
        <test-method is-config="true" signature="teardown()[pri:0, instance:Tests.CheckoutTests@79d8407f]" started-at="2026-05-15T13:35:32 IST" name="teardown" finished-at="2026-05-15T13:35:32 IST" duration-ms="0" status="SKIP">
          <reporter-output>
          </reporter-output>
        </test-method> <!-- teardown -->
        <test-method is-config="true" signature="setup()[pri:0, instance:Tests.CheckoutTests@79d8407f]" started-at="2026-05-15T13:35:32 IST" name="setup" finished-at="2026-05-15T13:35:32 IST" duration-ms="0" status="SKIP">
          <reporter-output>
          </reporter-output>
        </test-method> <!-- setup -->
        <test-method signature="verifyAllFieldsEmptyError()[pri:7, instance:Tests.CheckoutTests@79d8407f]" started-at="2026-05-15T13:35:32 IST" name="verifyAllFieldsEmptyError" description="Submit with all empty fields verify error" finished-at="2026-05-15T13:35:32 IST" duration-ms="0" status="SKIP">
          <exception class="org.openqa.selenium.WebDriverException">
            <message>
              <![CDATA[unknown error: net::ERR_NAME_NOT_RESOLVED
  (Session info: chrome=148.0.7778.167)
Build info: version: '4.21.0', revision: '79ed462ef4'
System info: os.name: 'Windows 11', os.arch: 'amd64', os.version: '10.0', java.version: '21.0.7'
Driver info: org.openqa.selenium.chrome.ChromeDriver
Command: [57b1ce988c4161b2b27db5c70839cec7, get {url=https://www.saucedemo.com}]
Capabilities {acceptInsecureCerts: false, browserName: chrome, browserVersion: 148.0.7778.167, chrome: {chromedriverVersion: 148.0.7778.167 (65db666ac2c..., userDataDir: C:\Users\AkhilaAravind\AppD...}, fedcm:accounts: true, goog:chromeOptions: {debuggerAddress: localhost:62775}, goog:processID: 22584, networkConnectionEnabled: false, pageLoadStrategy: normal, platformName: windows, proxy: Proxy(), se:cdp: ws://localhost:62775/devtoo..., se:cdpVersion: 148.0.7778.167, setWindowRect: true, strictFileInteractability: false, timeouts: {implicit: 0, pageLoad: 300000, script: 30000}, unhandledPromptBehavior: dismiss and notify, webauthn:extension:credBlob: true, webauthn:extension:largeBlob: true, webauthn:extension:minPinLength: true, webauthn:extension:prf: true, webauthn:virtualAuthenticators: true}
Session ID: 57b1ce988c4161b2b27db5c70839cec7]]>
            </message>
            <full-stacktrace>
              <![CDATA[org.openqa.selenium.WebDriverException: unknown error: net::ERR_NAME_NOT_RESOLVED
  (Session info: chrome=148.0.7778.167)
Build info: version: '4.21.0', revision: '79ed462ef4'
System info: os.name: 'Windows 11', os.arch: 'amd64', os.version: '10.0', java.version: '21.0.7'
Driver info: org.openqa.selenium.chrome.ChromeDriver
Command: [57b1ce988c4161b2b27db5c70839cec7, get {url=https://www.saucedemo.com}]
Capabilities {acceptInsecureCerts: false, browserName: chrome, browserVersion: 148.0.7778.167, chrome: {chromedriverVersion: 148.0.7778.167 (65db666ac2c..., userDataDir: C:\Users\AkhilaAravind\AppD...}, fedcm:accounts: true, goog:chromeOptions: {debuggerAddress: localhost:62775}, goog:processID: 22584, networkConnectionEnabled: false, pageLoadStrategy: normal, platformName: windows, proxy: Proxy(), se:cdp: ws://localhost:62775/devtoo..., se:cdpVersion: 148.0.7778.167, setWindowRect: true, strictFileInteractability: false, timeouts: {implicit: 0, pageLoad: 300000, script: 30000}, unhandledPromptBehavior: dismiss and notify, webauthn:extension:credBlob: true, webauthn:extension:largeBlob: true, webauthn:extension:minPinLength: true, webauthn:extension:prf: true, webauthn:virtualAuthenticators: true}
Session ID: 57b1ce988c4161b2b27db5c70839cec7
at java.base/jdk.internal.reflect.DirectConstructorHandleAccessor.newInstance(DirectConstructorHandleAccessor.java:62)
at java.base/java.lang.reflect.Constructor.newInstanceWithCaller(Constructor.java:502)
at java.base/java.lang.reflect.Constructor.newInstance(Constructor.java:486)
at org.openqa.selenium.remote.ErrorCodec.decode(ErrorCodec.java:167)
at org.openqa.selenium.remote.codec.w3c.W3CHttpResponseCodec.decode(W3CHttpResponseCodec.java:138)
at org.openqa.selenium.remote.codec.w3c.W3CHttpResponseCodec.decode(W3CHttpResponseCodec.java:50)
at org.openqa.selenium.remote.HttpCommandExecutor.execute(HttpCommandExecutor.java:190)
at org.openqa.selenium.remote.service.DriverCommandExecutor.invokeExecute(DriverCommandExecutor.java:216)
at org.openqa.selenium.remote.service.DriverCommandExecutor.execute(DriverCommandExecutor.java:174)
at org.openqa.selenium.remote.RemoteWebDriver.execute(RemoteWebDriver.java:518)
at org.openqa.selenium.remote.RemoteWebDriver.get(RemoteWebDriver.java:300)
at Base.BaseClassSauceDemo.setup(BaseClassSauceDemo.java:36)
at java.base/jdk.internal.reflect.DirectMethodHandleAccessor.invoke(DirectMethodHandleAccessor.java:103)
at java.base/java.lang.reflect.Method.invoke(Method.java:580)
at org.testng.internal.invokers.MethodInvocationHelper.invokeMethod(MethodInvocationHelper.java:139)
at org.testng.internal.invokers.MethodInvocationHelper.invokeMethodConsideringTimeout(MethodInvocationHelper.java:69)
at org.testng.internal.invokers.ConfigInvoker.invokeConfigurationMethod(ConfigInvoker.java:393)
at org.testng.internal.invokers.ConfigInvoker.invokeConfigurations(ConfigInvoker.java:326)
at org.testng.internal.invokers.TestInvoker.runConfigMethods(TestInvoker.java:810)
at org.testng.internal.invokers.TestInvoker.invokeMethod(TestInvoker.java:578)
at org.testng.internal.invokers.TestInvoker.invokeTestMethod(TestInvoker.java:228)
at org.testng.internal.invokers.MethodRunner.runInSequence(MethodRunner.java:63)
at org.testng.internal.invokers.TestInvoker$MethodInvocationAgent.invoke(TestInvoker.java:961)
at org.testng.internal.invokers.TestInvoker.invokeTestMethods(TestInvoker.java:201)
at org.testng.internal.invokers.TestMethodWorker.invokeTestMethods(TestMethodWorker.java:148)
at org.testng.internal.invokers.TestMethodWorker.run(TestMethodWorker.java:128)
at java.base/java.util.ArrayList.forEach(ArrayList.java:1596)
at org.testng.TestRunner.privateRun(TestRunner.java:819)
at org.testng.TestRunner.run(TestRunner.java:619)
at org.testng.SuiteRunner.runTest(SuiteRunner.java:443)
at org.testng.SuiteRunner.runSequentially(SuiteRunner.java:437)
at org.testng.SuiteRunner.privateRun(SuiteRunner.java:397)
at org.testng.SuiteRunner.run(SuiteRunner.java:336)
at org.testng.SuiteRunnerWorker.runSuite(SuiteRunnerWorker.java:52)
at org.testng.SuiteRunnerWorker.run(SuiteRunnerWorker.java:95)
at org.testng.TestNG.runSuitesSequentially(TestNG.java:1301)
at org.testng.TestNG.runSuitesLocally(TestNG.java:1228)
at org.testng.TestNG.runSuites(TestNG.java:1134)
at org.testng.TestNG.run(TestNG.java:1101)
at org.testng.remote.AbstractRemoteTestNG.run(AbstractRemoteTestNG.java:115)
at org.testng.remote.RemoteTestNG.initAndRun(RemoteTestNG.java:293)
at org.testng.remote.RemoteTestNG.main(RemoteTestNG.java:91)
]]>
            </full-stacktrace>
          </exception> <!-- org.openqa.selenium.WebDriverException -->
          <reporter-output>
          </reporter-output>
        </test-method> <!-- verifyAllFieldsEmptyError -->
        <test-method is-config="true" signature="goToCheckout()[pri:0, instance:Tests.CheckoutTests@79d8407f]" started-at="2026-05-15T13:35:32 IST" name="goToCheckout" finished-at="2026-05-15T13:35:32 IST" duration-ms="0" status="SKIP">
          <reporter-output>
          </reporter-output>
        </test-method> <!-- goToCheckout -->
        <test-method is-config="true" signature="teardown()[pri:0, instance:Tests.CheckoutTests@79d8407f]" started-at="2026-05-15T13:35:32 IST" name="teardown" finished-at="2026-05-15T13:35:32 IST" duration-ms="0" status="SKIP">
          <reporter-output>
          </reporter-output>
        </test-method> <!-- teardown -->
        <test-method is-config="true" signature="setup()[pri:0, instance:Tests.CheckoutTests@79d8407f]" started-at="2026-05-15T13:35:32 IST" name="setup" finished-at="2026-05-15T13:35:32 IST" duration-ms="0" status="SKIP">
          <reporter-output>
          </reporter-output>
        </test-method> <!-- setup -->
        <test-method is-config="true" signature="goToCheckout()[pri:0, instance:Tests.CheckoutTests@79d8407f]" started-at="2026-05-15T13:35:32 IST" name="goToCheckout" finished-at="2026-05-15T13:35:32 IST" duration-ms="0" status="SKIP">
          <reporter-output>
          </reporter-output>
        </test-method> <!-- goToCheckout -->
        <test-method signature="verifyCancelReturnsToCart()[pri:8, instance:Tests.CheckoutTests@79d8407f]" started-at="2026-05-15T13:35:32 IST" name="verifyCancelReturnsToCart" description="Cancel button returns to cart page" finished-at="2026-05-15T13:35:32 IST" duration-ms="0" status="SKIP">
          <exception class="org.openqa.selenium.WebDriverException">
            <message>
              <![CDATA[unknown error: net::ERR_NAME_NOT_RESOLVED
  (Session info: chrome=148.0.7778.167)
Build info: version: '4.21.0', revision: '79ed462ef4'
System info: os.name: 'Windows 11', os.arch: 'amd64', os.version: '10.0', java.version: '21.0.7'
Driver info: org.openqa.selenium.chrome.ChromeDriver
Command: [57b1ce988c4161b2b27db5c70839cec7, get {url=https://www.saucedemo.com}]
Capabilities {acceptInsecureCerts: false, browserName: chrome, browserVersion: 148.0.7778.167, chrome: {chromedriverVersion: 148.0.7778.167 (65db666ac2c..., userDataDir: C:\Users\AkhilaAravind\AppD...}, fedcm:accounts: true, goog:chromeOptions: {debuggerAddress: localhost:62775}, goog:processID: 22584, networkConnectionEnabled: false, pageLoadStrategy: normal, platformName: windows, proxy: Proxy(), se:cdp: ws://localhost:62775/devtoo..., se:cdpVersion: 148.0.7778.167, setWindowRect: true, strictFileInteractability: false, timeouts: {implicit: 0, pageLoad: 300000, script: 30000}, unhandledPromptBehavior: dismiss and notify, webauthn:extension:credBlob: true, webauthn:extension:largeBlob: true, webauthn:extension:minPinLength: true, webauthn:extension:prf: true, webauthn:virtualAuthenticators: true}
Session ID: 57b1ce988c4161b2b27db5c70839cec7]]>
            </message>
            <full-stacktrace>
              <![CDATA[org.openqa.selenium.WebDriverException: unknown error: net::ERR_NAME_NOT_RESOLVED
  (Session info: chrome=148.0.7778.167)
Build info: version: '4.21.0', revision: '79ed462ef4'
System info: os.name: 'Windows 11', os.arch: 'amd64', os.version: '10.0', java.version: '21.0.7'
Driver info: org.openqa.selenium.chrome.ChromeDriver
Command: [57b1ce988c4161b2b27db5c70839cec7, get {url=https://www.saucedemo.com}]
Capabilities {acceptInsecureCerts: false, browserName: chrome, browserVersion: 148.0.7778.167, chrome: {chromedriverVersion: 148.0.7778.167 (65db666ac2c..., userDataDir: C:\Users\AkhilaAravind\AppD...}, fedcm:accounts: true, goog:chromeOptions: {debuggerAddress: localhost:62775}, goog:processID: 22584, networkConnectionEnabled: false, pageLoadStrategy: normal, platformName: windows, proxy: Proxy(), se:cdp: ws://localhost:62775/devtoo..., se:cdpVersion: 148.0.7778.167, setWindowRect: true, strictFileInteractability: false, timeouts: {implicit: 0, pageLoad: 300000, script: 30000}, unhandledPromptBehavior: dismiss and notify, webauthn:extension:credBlob: true, webauthn:extension:largeBlob: true, webauthn:extension:minPinLength: true, webauthn:extension:prf: true, webauthn:virtualAuthenticators: true}
Session ID: 57b1ce988c4161b2b27db5c70839cec7
at java.base/jdk.internal.reflect.DirectConstructorHandleAccessor.newInstance(DirectConstructorHandleAccessor.java:62)
at java.base/java.lang.reflect.Constructor.newInstanceWithCaller(Constructor.java:502)
at java.base/java.lang.reflect.Constructor.newInstance(Constructor.java:486)
at org.openqa.selenium.remote.ErrorCodec.decode(ErrorCodec.java:167)
at org.openqa.selenium.remote.codec.w3c.W3CHttpResponseCodec.decode(W3CHttpResponseCodec.java:138)
at org.openqa.selenium.remote.codec.w3c.W3CHttpResponseCodec.decode(W3CHttpResponseCodec.java:50)
at org.openqa.selenium.remote.HttpCommandExecutor.execute(HttpCommandExecutor.java:190)
at org.openqa.selenium.remote.service.DriverCommandExecutor.invokeExecute(DriverCommandExecutor.java:216)
at org.openqa.selenium.remote.service.DriverCommandExecutor.execute(DriverCommandExecutor.java:174)
at org.openqa.selenium.remote.RemoteWebDriver.execute(RemoteWebDriver.java:518)
at org.openqa.selenium.remote.RemoteWebDriver.get(RemoteWebDriver.java:300)
at Base.BaseClassSauceDemo.setup(BaseClassSauceDemo.java:36)
at java.base/jdk.internal.reflect.DirectMethodHandleAccessor.invoke(DirectMethodHandleAccessor.java:103)
at java.base/java.lang.reflect.Method.invoke(Method.java:580)
at org.testng.internal.invokers.MethodInvocationHelper.invokeMethod(MethodInvocationHelper.java:139)
at org.testng.internal.invokers.MethodInvocationHelper.invokeMethodConsideringTimeout(MethodInvocationHelper.java:69)
at org.testng.internal.invokers.ConfigInvoker.invokeConfigurationMethod(ConfigInvoker.java:393)
at org.testng.internal.invokers.ConfigInvoker.invokeConfigurations(ConfigInvoker.java:326)
at org.testng.internal.invokers.TestInvoker.runConfigMethods(TestInvoker.java:810)
at org.testng.internal.invokers.TestInvoker.invokeMethod(TestInvoker.java:578)
at org.testng.internal.invokers.TestInvoker.invokeTestMethod(TestInvoker.java:228)
at org.testng.internal.invokers.MethodRunner.runInSequence(MethodRunner.java:63)
at org.testng.internal.invokers.TestInvoker$MethodInvocationAgent.invoke(TestInvoker.java:961)
at org.testng.internal.invokers.TestInvoker.invokeTestMethods(TestInvoker.java:201)
at org.testng.internal.invokers.TestMethodWorker.invokeTestMethods(TestMethodWorker.java:148)
at org.testng.internal.invokers.TestMethodWorker.run(TestMethodWorker.java:128)
at java.base/java.util.ArrayList.forEach(ArrayList.java:1596)
at org.testng.TestRunner.privateRun(TestRunner.java:819)
at org.testng.TestRunner.run(TestRunner.java:619)
at org.testng.SuiteRunner.runTest(SuiteRunner.java:443)
at org.testng.SuiteRunner.runSequentially(SuiteRunner.java:437)
at org.testng.SuiteRunner.privateRun(SuiteRunner.java:397)
at org.testng.SuiteRunner.run(SuiteRunner.java:336)
at org.testng.SuiteRunnerWorker.runSuite(SuiteRunnerWorker.java:52)
at org.testng.SuiteRunnerWorker.run(SuiteRunnerWorker.java:95)
at org.testng.TestNG.runSuitesSequentially(TestNG.java:1301)
at org.testng.TestNG.runSuitesLocally(TestNG.java:1228)
at org.testng.TestNG.runSuites(TestNG.java:1134)
at org.testng.TestNG.run(TestNG.java:1101)
at org.testng.remote.AbstractRemoteTestNG.run(AbstractRemoteTestNG.java:115)
at org.testng.remote.RemoteTestNG.initAndRun(RemoteTestNG.java:293)
at org.testng.remote.RemoteTestNG.main(RemoteTestNG.java:91)
]]>
            </full-stacktrace>
          </exception> <!-- org.openqa.selenium.WebDriverException -->
          <reporter-output>
          </reporter-output>
        </test-method> <!-- verifyCancelReturnsToCart -->
        <test-method is-config="true" signature="teardown()[pri:0, instance:Tests.CheckoutTests@79d8407f]" started-at="2026-05-15T13:35:32 IST" name="teardown" finished-at="2026-05-15T13:35:32 IST" duration-ms="0" status="SKIP">
          <reporter-output>
          </reporter-output>
        </test-method> <!-- teardown -->
        <test-method is-config="true" signature="setup()[pri:0, instance:Tests.CheckoutTests@79d8407f]" started-at="2026-05-15T13:35:32 IST" name="setup" finished-at="2026-05-15T13:35:32 IST" duration-ms="0" status="SKIP">
          <reporter-output>
          </reporter-output>
        </test-method> <!-- setup -->
        <test-method is-config="true" signature="goToCheckout()[pri:0, instance:Tests.CheckoutTests@79d8407f]" started-at="2026-05-15T13:35:32 IST" name="goToCheckout" finished-at="2026-05-15T13:35:32 IST" duration-ms="0" status="SKIP">
          <reporter-output>
          </reporter-output>
        </test-method> <!-- goToCheckout -->
        <test-method signature="verifyOverviewPageTitle()[pri:9, instance:Tests.CheckoutTests@79d8407f]" started-at="2026-05-15T13:35:32 IST" name="verifyOverviewPageTitle" description="Verify overview page title" finished-at="2026-05-15T13:35:32 IST" duration-ms="0" status="SKIP">
          <exception class="org.openqa.selenium.WebDriverException">
            <message>
              <![CDATA[unknown error: net::ERR_NAME_NOT_RESOLVED
  (Session info: chrome=148.0.7778.167)
Build info: version: '4.21.0', revision: '79ed462ef4'
System info: os.name: 'Windows 11', os.arch: 'amd64', os.version: '10.0', java.version: '21.0.7'
Driver info: org.openqa.selenium.chrome.ChromeDriver
Command: [57b1ce988c4161b2b27db5c70839cec7, get {url=https://www.saucedemo.com}]
Capabilities {acceptInsecureCerts: false, browserName: chrome, browserVersion: 148.0.7778.167, chrome: {chromedriverVersion: 148.0.7778.167 (65db666ac2c..., userDataDir: C:\Users\AkhilaAravind\AppD...}, fedcm:accounts: true, goog:chromeOptions: {debuggerAddress: localhost:62775}, goog:processID: 22584, networkConnectionEnabled: false, pageLoadStrategy: normal, platformName: windows, proxy: Proxy(), se:cdp: ws://localhost:62775/devtoo..., se:cdpVersion: 148.0.7778.167, setWindowRect: true, strictFileInteractability: false, timeouts: {implicit: 0, pageLoad: 300000, script: 30000}, unhandledPromptBehavior: dismiss and notify, webauthn:extension:credBlob: true, webauthn:extension:largeBlob: true, webauthn:extension:minPinLength: true, webauthn:extension:prf: true, webauthn:virtualAuthenticators: true}
Session ID: 57b1ce988c4161b2b27db5c70839cec7]]>
            </message>
            <full-stacktrace>
              <![CDATA[org.openqa.selenium.WebDriverException: unknown error: net::ERR_NAME_NOT_RESOLVED
  (Session info: chrome=148.0.7778.167)
Build info: version: '4.21.0', revision: '79ed462ef4'
System info: os.name: 'Windows 11', os.arch: 'amd64', os.version: '10.0', java.version: '21.0.7'
Driver info: org.openqa.selenium.chrome.ChromeDriver
Command: [57b1ce988c4161b2b27db5c70839cec7, get {url=https://www.saucedemo.com}]
[...]
          <reporter-output>
          </reporter-output>
        </test-method> <!-- verifyProductInCart -->
        <test-method is-config="true" signature="teardown()[pri:0, instance:Tests.CartTests@3c3d9b6b]" started-at="2026-05-15T13:34:09 IST" name="teardown" finished-at="2026-05-15T13:34:10 IST" duration-ms="256" status="PASS">
          <reporter-output>
          </reporter-output>
        </test-method> <!-- teardown -->
        <test-method is-config="true" signature="setup()[pri:0, instance:Tests.CartTests@3c3d9b6b]" started-at="2026-05-15T13:34:10 IST" name="setup" finished-at="2026-05-15T13:34:12 IST" duration-ms="2588" status="PASS">
          <reporter-output>
          </reporter-output>
        </test-method> <!-- setup -->
        <test-method is-config="true" signature="goToCart()[pri:0, instance:Tests.CartTests@3c3d9b6b]" started-at="2026-05-15T13:34:12 IST" name="goToCart" finished-at="2026-05-15T13:34:13 IST" duration-ms="611" status="PASS">
          <reporter-output>
          </reporter-output>
        </test-method> <!-- goToCart -->
        <test-method signature="verifyProductName()[pri:4, instance:Tests.CartTests@3c3d9b6b]" started-at="2026-05-15T13:34:13 IST" name="verifyProductName" description="Verify product name in cart matches product added" finished-at="2026-05-15T13:34:13 IST" duration-ms="42" status="PASS">
          <reporter-output>
          </reporter-output>
        </test-method> <!-- verifyProductName -->
        <test-method is-config="true" signature="teardown()[pri:0, instance:Tests.CartTests@3c3d9b6b]" started-at="2026-05-15T13:34:13 IST" name="teardown" finished-at="2026-05-15T13:34:13 IST" duration-ms="239" status="PASS">
          <reporter-output>
          </reporter-output>
        </test-method> <!-- teardown -->
        <test-method is-config="true" signature="setup()[pri:0, instance:Tests.CartTests@3c3d9b6b]" started-at="2026-05-15T13:34:13 IST" name="setup" finished-at="2026-05-15T13:34:16 IST" duration-ms="3012" status="PASS">
          <reporter-output>
          </reporter-output>
        </test-method> <!-- setup -->
        <test-method is-config="true" signature="goToCart()[pri:0, instance:Tests.CartTests@3c3d9b6b]" started-at="2026-05-15T13:34:16 IST" name="goToCart" finished-at="2026-05-15T13:34:17 IST" duration-ms="652" status="PASS">
          <reporter-output>
          </reporter-output>
        </test-method> <!-- goToCart -->
        <test-method signature="verifyProductPrice()[pri:5, instance:Tests.CartTests@3c3d9b6b]" started-at="2026-05-15T13:34:17 IST" name="verifyProductPrice" description="Verify product price in cart matches product page" finished-at="2026-05-15T13:34:17 IST" duration-ms="34" status="PASS">
          <reporter-output>
          </reporter-output>
        </test-method> <!-- verifyProductPrice -->
        <test-method is-config="true" signature="teardown()[pri:0, instance:Tests.CartTests@3c3d9b6b]" started-at="2026-05-15T13:34:17 IST" name="teardown" finished-at="2026-05-15T13:34:17 IST" duration-ms="244" status="PASS">
          <reporter-output>
          </reporter-output>
        </test-method> <!-- teardown -->
        <test-method is-config="true" signature="setup()[pri:0, instance:Tests.CartTests@3c3d9b6b]" started-at="2026-05-15T13:34:17 IST" name="setup" finished-at="2026-05-15T13:34:20 IST" duration-ms="2699" status="PASS">
          <reporter-output>
          </reporter-output>
        </test-method> <!-- setup -->
        <test-method is-config="true" signature="goToCart()[pri:0, instance:Tests.CartTests@3c3d9b6b]" started-at="2026-05-15T13:34:20 IST" name="goToCart" finished-at="2026-05-15T13:34:20 IST" duration-ms="689" status="PASS">
          <reporter-output>
          </reporter-output>
        </test-method> <!-- goToCart -->
        <test-method signature="verifyProductQuantity()[pri:6, instance:Tests.CartTests@3c3d9b6b]" started-at="2026-05-15T13:34:20 IST" name="verifyProductQuantity" description="Verify product quantity shows 1 by default" finished-at="2026-05-15T13:34:20 IST" duration-ms="41" status="PASS">
          <reporter-output>
          </reporter-output>
        </test-method> <!-- verifyProductQuantity -->
        <test-method is-config="true" signature="teardown()[pri:0, instance:Tests.CartTests@3c3d9b6b]" started-at="2026-05-15T13:34:20 IST" name="teardown" finished-at="2026-05-15T13:34:21 IST" duration-ms="280" status="PASS">
          <reporter-output>
          </reporter-output>
        </test-method> <!-- teardown -->
        <test-method is-config="true" signature="setup()[pri:0, instance:Tests.CartTests@3c3d9b6b]" started-at="2026-05-15T13:34:21 IST" name="setup" finished-at="2026-05-15T13:34:24 IST" duration-ms="2787" status="PASS">
          <reporter-output>
          </reporter-output>
        </test-method> <!-- setup -->
        <test-method is-config="true" signature="goToCart()[pri:0, instance:Tests.CartTests@3c3d9b6b]" started-at="2026-05-15T13:34:24 IST" name="goToCart" finished-at="2026-05-15T13:34:24 IST" duration-ms="691" status="PASS">
          <reporter-output>
          </reporter-output>
        </test-method> <!-- goToCart -->
        <test-method signature="removeProductVerifyCartEmpty()[pri:7, instance:Tests.CartTests@3c3d9b6b]" started-at="2026-05-15T13:34:24 IST" name="removeProductVerifyCartEmpty" description="Remove product and verify cart is empty" finished-at="2026-05-15T13:34:29 IST" duration-ms="5148" status="PASS">
          <reporter-output>
          </reporter-output>
        </test-method> <!-- removeProductVerifyCartEmpty -->
        <test-method is-config="true" signature="teardown()[pri:0, instance:Tests.CartTests@3c3d9b6b]" started-at="2026-05-15T13:34:29 IST" name="teardown" finished-at="2026-05-15T13:34:30 IST" duration-ms="302" status="PASS">
          <reporter-output>
          </reporter-output>
        </test-method> <!-- teardown -->
        <test-method is-config="true" signature="setup()[pri:0, instance:Tests.CartTests@3c3d9b6b]" started-at="2026-05-15T13:34:30 IST" name="setup" finished-at="2026-05-15T13:34:33 IST" duration-ms="3142" status="PASS">
          <reporter-output>
          </reporter-output>
        </test-method> <!-- setup -->
        <test-method is-config="true" signature="goToCart()[pri:0, instance:Tests.CartTests@3c3d9b6b]" started-at="2026-05-15T13:34:33 IST" name="goToCart" finished-at="2026-05-15T13:34:34 IST" duration-ms="761" status="PASS">
          <reporter-output>
          </reporter-output>
        </test-method> <!-- goToCart -->
        <test-method signature="removeProductVerifyCount()[pri:8, instance:Tests.CartTests@3c3d9b6b]" started-at="2026-05-15T13:34:34 IST" name="removeProductVerifyCount" description="Remove product and verify product count is 0" finished-at="2026-05-15T13:34:39 IST" duration-ms="5171" status="PASS">
          <reporter-output>
          </reporter-output>
        </test-method> <!-- removeProductVerifyCount -->
        <test-method is-config="true" signature="teardown()[pri:0, instance:Tests.CartTests@3c3d9b6b]" started-at="2026-05-15T13:34:39 IST" name="teardown" finished-at="2026-05-15T13:34:39 IST" duration-ms="255" status="PASS">
          <reporter-output>
          </reporter-output>
        </test-method> <!-- teardown -->
        <test-method is-config="true" signature="setup()[pri:0, instance:Tests.CartTests@3c3d9b6b]" started-at="2026-05-15T13:34:39 IST" name="setup" finished-at="2026-05-15T13:34:41 IST" duration-ms="2422" status="PASS">
          <reporter-output>
          </reporter-output>
        </test-method> <!-- setup -->
        <test-method is-config="true" signature="goToCart()[pri:0, instance:Tests.CartTests@3c3d9b6b]" started-at="2026-05-15T13:34:41 IST" name="goToCart" finished-at="2026-05-15T13:34:42 IST" duration-ms="546" status="PASS">
          <reporter-output>
          </reporter-output>
        </test-method> <!-- goToCart -->
        <test-method signature="addTwoRemoveOneVerifyOneRemains()[pri:9, instance:Tests.CartTests@3c3d9b6b]" started-at="2026-05-15T13:34:42 IST" name="addTwoRemoveOneVerifyOneRemains" description="Add two products remove one verify one remains" finished-at="2026-05-15T13:34:42 IST" duration-ms="403" status="PASS">
          <reporter-output>
          </reporter-output>
        </test-method> <!-- addTwoRemoveOneVerifyOneRemains -->
        <test-method is-config="true" signature="teardown()[pri:0, instance:Tests.CartTests@3c3d9b6b]" started-at="2026-05-15T13:34:42 IST" name="teardown" finished-at="2026-05-15T13:34:43 IST" duration-ms="216" status="PASS">
          <reporter-output>
          </reporter-output>
        </test-method> <!-- teardown -->
        <test-method is-config="true" signature="setup()[pri:0, instance:Tests.CartTests@3c3d9b6b]" started-at="2026-05-15T13:34:43 IST" name="setup" finished-at="2026-05-15T13:34:45 IST" duration-ms="2521" status="PASS">
          <reporter-output>
          </reporter-output>
        </test-method> <!-- setup -->
        <test-method is-config="true" signature="goToCart()[pri:0, instance:Tests.CartTests@3c3d9b6b]" started-at="2026-05-15T13:34:45 IST" name="goToCart" finished-at="2026-05-15T13:34:46 IST" duration-ms="630" status="PASS">
          <reporter-output>
          </reporter-output>
        </test-method> <!-- goToCart -->
        <test-method signature="verifyRemovedProductGone()[pri:10, instance:Tests.CartTests@3c3d9b6b]" started-at="2026-05-15T13:34:46 IST" name="verifyRemovedProductGone" description="Verify removed product no longer shows in cart" finished-at="2026-05-15T13:34:51 IST" duration-ms="5163" status="PASS">
          <reporter-output>
          </reporter-output>
        </test-method> <!-- verifyRemovedProductGone -->
        <test-method is-config="true" signature="teardown()[pri:0, instance:Tests.CartTests@3c3d9b6b]" started-at="2026-05-15T13:34:51 IST" name="teardown" finished-at="2026-05-15T13:34:51 IST" duration-ms="313" status="PASS">
          <reporter-output>
          </reporter-output>
        </test-method> <!-- teardown -->
        <test-method is-config="true" signature="setup()[pri:0, instance:Tests.CartTests@3c3d9b6b]" started-at="2026-05-15T13:34:51 IST" name="setup" finished-at="2026-05-15T13:34:55 IST" duration-ms="3403" status="PASS">
          <reporter-output>
          </reporter-output>
        </test-method> <!-- setup -->
        <test-method is-config="true" signature="goToCart()[pri:0, instance:Tests.CartTests@3c3d9b6b]" started-at="2026-05-15T13:34:55 IST" name="goToCart" finished-at="2026-05-15T13:34:55 IST" duration-ms="698" status="PASS">
          <reporter-output>
          </reporter-output>
        </test-method> <!-- goToCart -->
        <test-method signature="verifyContinueShopping()[pri:11, instance:Tests.CartTests@3c3d9b6b]" started-at="2026-05-15T13:34:55 IST" name="verifyContinueShopping" description="Continue Shopping returns to products page" finished-at="2026-05-15T13:34:56 IST" duration-ms="167" status="PASS">
          <reporter-output>
          </reporter-output>
        </test-method> <!-- verifyContinueShopping -->
        <test-method is-config="true" signature="teardown()[pri:0, instance:Tests.CartTests@3c3d9b6b]" started-at="2026-05-15T13:34:56 IST" name="teardown" finished-at="2026-05-15T13:34:56 IST" duration-ms="258" status="PASS">
          <reporter-output>
          </reporter-output>
        </test-method> <!-- teardown -->
        <test-method is-config="true" signature="setup()[pri:0, instance:Tests.CartTests@3c3d9b6b]" started-at="2026-05-15T13:34:56 IST" name="setup" finished-at="2026-05-15T13:34:59 IST" duration-ms="3553" status="PASS">
          <reporter-output>
          </reporter-output>
        </test-method> <!-- setup -->
        <test-method is-config="true" signature="goToCart()[pri:0, instance:Tests.CartTests@3c3d9b6b]" started-at="2026-05-15T13:34:59 IST" name="goToCart" finished-at="2026-05-15T13:35:00 IST" duration-ms="599" status="PASS">
          <reporter-output>
          </reporter-output>
        </test-method> <!-- goToCart -->
        <test-method signature="verifyProductsPageAfterContinue()[pri:12, instance:Tests.CartTests@3c3d9b6b]" started-at="2026-05-15T13:35:00 IST" name="verifyProductsPageAfterContinue" description="Verify products page title after Continue Shopping" finished-at="2026-05-15T13:35:00 IST" duration-ms="157" status="PASS">
          <reporter-output>
          </reporter-output>
        </test-method> <!-- verifyProductsPageAfterContinue -->
        <test-method is-config="true" signature="teardown()[pri:0, instance:Tests.CartTests@3c3d9b6b]" started-at="2026-05-15T13:35:00 IST" name="teardown" finished-at="2026-05-15T13:35:00 IST" duration-ms="250" status="PASS">
          <reporter-output>
          </reporter-output>
        </test-method> <!-- teardown -->
        <test-method is-config="true" signature="setup()[pri:0, instance:Tests.CartTests@3c3d9b6b]" started-at="2026-05-15T13:35:00 IST" name="setup" finished-at="2026-05-15T13:35:03 IST" duration-ms="2393" status="PASS">
          <reporter-output>
          </reporter-output>
        </test-method> <!-- setup -->
        <test-method is-config="true" signature="goToCart()[pri:0, instance:Tests.CartTests@3c3d9b6b]" started-at="2026-05-15T13:35:03 IST" name="goToCart" finished-at="2026-05-15T13:35:03 IST" duration-ms="599" status="PASS">
          <reporter-output>
          </reporter-output>
        </test-method> <!-- goToCart -->
        <test-method signature="verifyBadgePersistsAfterContinue()[pri:13, instance:Tests.CartTests@3c3d9b6b]" started-at="2026-05-15T13:35:03 IST" name="verifyBadgePersistsAfterContinue" description="Verify cart badge count persists after continuing" finished-at="2026-05-15T13:35:04 IST" duration-ms="188" status="PASS">
          <reporter-output>
          </reporter-output>
        </test-method> <!-- verifyBadgePersistsAfterContinue -->
        <test-method is-config="true" signature="teardown()[pri:0, instance:Tests.CartTests@3c3d9b6b]" started-at="2026-05-15T13:35:04 IST" name="teardown" finished-at="2026-05-15T13:35:04 IST" duration-ms="244" status="PASS">
          <reporter-output>
          </reporter-output>
        </test-method> <!-- teardown -->
        <test-method is-config="true" signature="setup()[pri:0, instance:Tests.CartTests@3c3d9b6b]" started-at="2026-05-15T13:35:04 IST" name="setup" finished-at="2026-05-15T13:35:07 IST" duration-ms="3396" status="PASS">
          <reporter-output>
          </reporter-output>
        </test-method> <!-- setup -->
        <test-method is-config="true" signature="goToCart()[pri:0, instance:Tests.CartTests@3c3d9b6b]" started-at="2026-05-15T13:35:07 IST" name="goToCart" finished-at="2026-05-15T13:35:08 IST" duration-ms="714" status="PASS">
          <reporter-output>
          </reporter-output>
        </test-method> <!-- goToCart -->
        <test-method signature="verifyCheckoutNavigation()[pri:14, instance:Tests.CartTests@3c3d9b6b]" started-at="2026-05-15T13:35:08 IST" name="verifyCheckoutNavigation" description="Verify Checkout button navigates to checkout page" finished-at="2026-05-15T13:35:08 IST" duration-ms="125" status="PASS">
          <reporter-output>
          </reporter-output>
        </test-method> <!-- verifyCheckoutNavigation -->
        <test-method is-config="true" signature="teardown()[pri:0, instance:Tests.CartTests@3c3d9b6b]" started-at="2026-05-15T13:35:08 IST" name="teardown" finished-at="2026-05-15T13:35:08 IST" duration-ms="255" status="PASS">
          <reporter-output>
          </reporter-output>
        </test-method> <!-- teardown -->
        <test-method is-config="true" signature="setup()[pri:0, instance:Tests.CartTests@3c3d9b6b]" started-at="2026-05-15T13:35:08 IST" name="setup" finished-at="2026-05-15T13:35:11 IST" duration-ms="2530" status="PASS">
          <reporter-output>
          </reporter-output>
        </test-method> <!-- setup -->
        <test-method is-config="true" signature="goToCart()[pri:0, instance:Tests.CartTests@3c3d9b6b]" started-at="2026-05-15T13:35:11 IST" name="goToCart" finished-at="2026-05-15T13:35:11 IST" duration-ms="597" status="PASS">
          <reporter-output>
          </reporter-output>
        </test-method> <!-- goToCart -->
        <test-method signature="verifyCheckoutUrl()[pri:15, instance:Tests.CartTests@3c3d9b6b]" started-at="2026-05-15T13:35:11 IST" name="verifyCheckoutUrl" description="Verify checkout URL contains checkout-step-one" finished-at="2026-05-15T13:35:12 IST" duration-ms="140" status="PASS">
          <reporter-output>
          </reporter-output>
        </test-method> <!-- verifyCheckoutUrl -->
        <test-method is-config="true" signature="teardown()[pri:0, instance:Tests.CartTests@3c3d9b6b]" started-at="2026-05-15T13:35:12 IST" name="teardown" finished-at="2026-05-15T13:35:12 IST" duration-ms="230" status="PASS">
          <reporter-output>
          </reporter-output>
        </test-method> <!-- teardown -->
        <test-method is-config="true" signature="setup()[pri:0, instance:Tests.CartTests@3c3d9b6b]" started-at="2026-05-15T13:35:12 IST" name="setup" finished-at="2026-05-15T13:35:15 IST" duration-ms="2925" status="PASS">
          <reporter-output>
          </reporter-output>
        </test-method> <!-- setup -->
        <test-method is-config="true" signature="goToCart()[pri:0, instance:Tests.CartTests@3c3d9b6b]" started-at="2026-05-15T13:35:15 IST" name="goToCart" finished-at="2026-05-15T13:35:15 IST" duration-ms="708" status="PASS">
          <reporter-output>
          </reporter-output>
        </test-method> <!-- goToCart -->
        <test-method signature="verifyEmptyCart()[pri:16, instance:Tests.CartTests@3c3d9b6b]" started-at="2026-05-15T13:35:15 IST" name="verifyEmptyCart" description="Verify empty cart shows no products" finished-at="2026-05-15T13:35:21 IST" duration-ms="5166" status="PASS">
          <reporter-output>
          </reporter-output>
        </test-method> <!-- verifyEmptyCart -->
        <test-method is-config="true" signature="teardown()[pri:0, instance:Tests.CartTests@3c3d9b6b]" started-at="2026-05-15T13:35:21 IST" name="teardown" finished-at="2026-05-15T13:35:21 IST" duration-ms="267" status="PASS">
          <reporter-output>
          </reporter-output>
        </test-method> <!-- teardown -->
        <test-method is-config="true" signature="setup()[pri:0, instance:Tests.CartTests@3c3d9b6b]" started-at="2026-05-15T13:35:21 IST" name="setup" finished-at="2026-05-15T13:35:23 IST" duration-ms="2237" status="PASS">
          <reporter-output>
          </reporter-output>
        </test-method> <!-- setup -->
        <test-method is-config="true" signature="goToCart()[pri:0, instance:Tests.CartTests@3c3d9b6b]" started-at="2026-05-15T13:35:23 IST" name="goToCart" finished-at="2026-05-15T13:35:24 IST" duration-ms="496" status="PASS">
          <reporter-output>
          </reporter-output>
        </test-method> <!-- goToCart -->
        <test-method signature="verifyBadgeNotVisibleWhenEmpty()[pri:17, instance:Tests.CartTests@3c3d9b6b]" started-at="2026-05-15T13:35:24 IST" name="verifyBadgeNotVisibleWhenEmpty" description="Verify cart badge not visible when cart is empty" finished-at="2026-05-15T13:35:29 IST" duration-ms="5183" status="PASS">
          <reporter-output>
          </reporter-output>
        </test-method> <!-- verifyBadgeNotVisibleWhenEmpty -->
        <test-method is-config="true" signature="teardown()[pri:0, instance:Tests.CartTests@3c3d9b6b]" started-at="2026-05-15T13:35:29 IST" name="teardown" finished-at="2026-05-15T13:35:29 IST" duration-ms="332" status="PASS">
          <reporter-output>
          </reporter-output>
        </test-method> <!-- teardown -->
      </class> <!-- Tests.CartTests -->
    </test> <!-- Test -->
  </suite> <!-- Master Suite -->
</testng-results>
