<?xml version="1.0" encoding="UTF-8"?>
<!-- Generated by org.testng.reporters.JUnitReportReporter -->
<testsuite hostname="DESKTOP-4GLE4P0" failures="0" tests="14" name="Tests.ProductTests" time="57.921" errors="0" timestamp="2026-05-15T13:35:35 IST" skipped="0">
  <testcase classname="Tests.ProductTests" name="verifyPageTitle" time="3.560"/>
  <testcase classname="Tests.ProductTests" name="verifyProductCount" time="2.987"/>
  <testcase classname="Tests.ProductTests" name="verifyAllProductsHaveNames" time="3.546"/>
  <testcase classname="Tests.ProductTests" name="verifyAllProductsHavePrices" time="3.296"/>
  <testcase classname="Tests.ProductTests" name="verifyAddToCartButtons" time="3.802"/>
  <testcase classname="Tests.ProductTests" name="sortByNameAtoZ" time="4.959"/>
  <testcase classname="Tests.ProductTests" name="sortByNameZtoA" time="4.422"/>
  <testcase classname="Tests.ProductTests" name="sortByPriceLowToHigh" time="3.909"/>
  <testcase classname="Tests.ProductTests" name="sortByPriceHighToLow" time="3.838"/>
  <testcase classname="Tests.ProductTests" name="addOneProductVerifyBadge" time="3.272"/>
  <testcase classname="Tests.ProductTests" name="addTwoProductsVerifyBadge" time="3.308"/>
  <testcase classname="Tests.ProductTests" name="verifyButtonChangesToRemove" time="3.056"/>
  <testcase classname="Tests.ProductTests" name="removeProductVerifyBadgeDisappears" time="10.122"/>
  <testcase classname="Tests.ProductTests" name="addTwoRemoveOneVerifyBadge" time="3.844"/>
</testsuite> <!-- Tests.ProductTests -->
