<?xml version="1.0" encoding="UTF-8"?>
<!-- Generated by org.testng.reporters.JUnitReportReporter -->
<testsuite hostname="DESKTOP-4GLE4P0" failures="0" tests="17" name="Tests.CartTests" time="90.273" errors="0" timestamp="2026-05-15T13:35:35 IST" skipped="0">
  <testcase classname="Tests.CartTests" name="verifyCartTitle" time="4.158"/>
  <testcase classname="Tests.CartTests" name="verifyCartUrl" time="3.012"/>
  <testcase classname="Tests.CartTests" name="verifyProductInCart" time="4.317"/>
  <testcase classname="Tests.CartTests" name="verifyProductName" time="3.932"/>
  <testcase classname="Tests.CartTests" name="verifyProductPrice" time="3.609"/>
  <testcase classname="Tests.CartTests" name="verifyProductQuantity" time="3.902"/>
  <testcase classname="Tests.CartTests" name="removeProductVerifyCartEmpty" time="8.458"/>
  <testcase classname="Tests.CartTests" name="removeProductVerifyCount" time="8.974"/>
  <testcase classname="Tests.CartTests" name="addTwoRemoveOneVerifyOneRemains" time="3.552"/>
  <testcase classname="Tests.CartTests" name="verifyRemovedProductGone" time="9.554"/>
  <testcase classname="Tests.CartTests" name="verifyContinueShopping" time="3.892"/>
  <testcase classname="Tests.CartTests" name="verifyProductsPageAfterContinue" time="3.402"/>
  <testcase classname="Tests.CartTests" name="verifyBadgePersistsAfterContinue" time="3.621"/>
  <testcase classname="Tests.CartTests" name="verifyCheckoutNavigation" time="4.569"/>
  <testcase classname="Tests.CartTests" name="verifyCheckoutUrl" time="3.646"/>
  <testcase classname="Tests.CartTests" name="verifyEmptyCart" time="9.119"/>
  <testcase classname="Tests.CartTests" name="verifyBadgeNotVisibleWhenEmpty" time="8.556"/>
</testsuite> <!-- Tests.CartTests -->
