<?xml version="1.0" encoding="UTF-8"?>
<!-- Generated by org.testng.reporters.JUnitReportReporter -->
<testsuite hostname="DESKTOP-4GLE4P0" failures="0" tests="7" name="Tests.LoginTests" time="36.448" errors="0" timestamp="2026-05-15T13:35:35 IST" skipped="0">
  <testcase classname="Tests.LoginTests" name="validLoginTest" time="9.168"/>
  <testcase classname="Tests.LoginTests" name="invalidLoginTest" time="5.949"/>
  <testcase classname="Tests.LoginTests" name="invalidLoginTest" time="3.285"/>
  <testcase classname="Tests.LoginTests" name="invalidLoginTest" time="3.851"/>
  <testcase classname="Tests.LoginTests" name="invalidLoginTest" time="4.156"/>
  <testcase classname="Tests.LoginTests" name="invalidLoginTest" time="3.789"/>
  <testcase classname="Tests.LoginTests" name="logoutTest" time="6.250"/>
</testsuite> <!-- Tests.LoginTests -->
