<?xml version="1.0" encoding="UTF-8"?>
<!-- Generated by org.testng.reporters.JUnitReportReporter -->
<testsuite hostname="DESKTOP-4GLE4P0" failures="0" tests="22" name="Tests.CheckoutTests" time="2.908" errors="1" timestamp="2026-05-15T13:35:35 IST" skipped="21">
  <testcase classname="Tests.CheckoutTests" name="setup" time="2.905">
    <error message="unknown error: net::ERR_NAME_NOT_RESOLVED
  (Session info: chrome=148.0.7778.167)
Build info: version: &#039;4.21.0&#039;, revision: &#039;79ed462ef4&#039;
System info: os.name: &#039;Windows 11&#039;, os.arch: &#039;amd64&#039;, os.version: &#039;10.0&#039;, java.version: &#039;21.0.7&#039;
Driver info: org.openqa.selenium.chrome.ChromeDriver
Command: [57b1ce988c4161b2b27db5c70839cec7, get {url=https://www.saucedemo.com}]
Capabilities {acceptInsecureCerts: false, browserName: chrome, browserVersion: 148.0.7778.167, chrome: {chromedriverVersion: 148.0.7778.167 (65db666ac2c..., userDataDir: C:\Users\AkhilaAravind\AppD...}, fedcm:accounts: true, goog:chromeOptions: {debuggerAddress: localhost:62775}, goog:processID: 22584, networkConnectionEnabled: false, pageLoadStrategy: normal, platformName: windows, proxy: Proxy(), se:cdp: ws://localhost:62775/devtoo..., se:cdpVersion: 148.0.7778.167, setWindowRect: true, strictFileInteractability: false, timeouts: {implicit: 0, pageLoad: 300000, script: 30000}, unhandledPromptBehavior: dismiss and notify, webauthn:extension:credBlob: true, webauthn:extension:largeBlob: true, webauthn:extension:minPinLength: true, webauthn:extension:prf: true, webauthn:virtualAuthenticators: true}
Session ID: 57b1ce988c4161b2b27db5c70839cec7" type="org.openqa.selenium.WebDriverException">
      <![CDATA[org.openqa.selenium.WebDriverException: unknown error: net::ERR_NAME_NOT_RESOLVED
  (Session info: chrome=148.0.7778.167)
Build info: version: '4.21.0', revision: '79ed462ef4'
System info: os.name: 'Windows 11', os.arch: 'amd64', os.version: '10.0', java.version: '21.0.7'
Driver info: org.openqa.selenium.chrome.ChromeDriver
Command: [57b1ce988c4161b2b27db5c70839cec7, get {url=https://www.saucedemo.com}]
Capabilities {acceptInsecureCerts: false, browserName: chrome, browserVersion: 148.0.7778.167, chrome: {chromedriverVersion: 148.0.7778.167 (65db666ac2c..., userDataDir: C:\Users\AkhilaAravind\AppD...}, fedcm:accounts: true, goog:chromeOptions: {debuggerAddress: localhost:62775}, goog:processID: 22584, networkConnectionEnabled: false, pageLoadStrategy: normal, platformName: windows, proxy: Proxy(), se:cdp: ws://localhost:62775/devtoo..., se:cdpVersion: 148.0.7778.167, setWindowRect: true, strictFileInteractability: false, timeouts: {implicit: 0, pageLoad: 300000, script: 30000}, unhandledPromptBehavior: dismiss and notify, webauthn:extension:credBlob: true, webauthn:extension:largeBlob: true, webauthn:extension:minPinLength: true, webauthn:extension:prf: true, webauthn:virtualAuthenticators: true}
Session ID: 57b1ce988c4161b2b27db5c70839cec7
at java.base/jdk.internal.reflect.DirectConstructorHandleAccessor.newInstance(DirectConstructorHandleAccessor.java:62)
at java.base/java.lang.reflect.Constructor.newInstanceWithCaller(Constructor.java:502)
at java.base/java.lang.reflect.Constructor.newInstance(Constructor.java:486)
at org.openqa.selenium.remote.ErrorCodec.decode(ErrorCodec.java:167)
at org.openqa.selenium.remote.codec.w3c.W3CHttpResponseCodec.decode(W3CHttpResponseCodec.java:138)
at org.openqa.selenium.remote.codec.w3c.W3CHttpResponseCodec.decode(W3CHttpResponseCodec.java:50)
at org.openqa.selenium.remote.HttpCommandExecutor.execute(HttpCommandExecutor.java:190)
at org.openqa.selenium.remote.service.DriverCommandExecutor.invokeExecute(DriverCommandExecutor.java:216)
at org.openqa.selenium.remote.service.DriverCommandExecutor.execute(DriverCommandExecutor.java:174)
at org.openqa.selenium.remote.RemoteWebDriver.execute(RemoteWebDriver.java:518)
at org.openqa.selenium.remote.RemoteWebDriver.get(RemoteWebDriver.java:300)
at Base.BaseClassSauceDemo.setup(BaseClassSauceDemo.java:36)
at java.base/jdk.internal.reflect.DirectMethodHandleAccessor.invoke(DirectMethodHandleAccessor.java:103)
at java.base/java.lang.reflect.Method.invoke(Method.java:580)
at org.testng.internal.invokers.MethodInvocationHelper.invokeMethod(MethodInvocationHelper.java:139)
at org.testng.internal.invokers.MethodInvocationHelper.invokeMethodConsideringTimeout(MethodInvocationHelper.java:69)
at org.testng.internal.invokers.ConfigInvoker.invokeConfigurationMethod(ConfigInvoker.java:393)
at org.testng.internal.invokers.ConfigInvoker.invokeConfigurations(ConfigInvoker.java:326)
at org.testng.internal.invokers.TestInvoker.runConfigMethods(TestInvoker.java:810)
at org.testng.internal.invokers.TestInvoker.invokeMethod(TestInvoker.java:578)
at org.testng.internal.invokers.TestInvoker.invokeTestMethod(TestInvoker.java:228)
at org.testng.internal.invokers.MethodRunner.runInSequence(MethodRunner.java:63)
at org.testng.internal.invokers.TestInvoker$MethodInvocationAgent.invoke(TestInvoker.java:961)
at org.testng.internal.invokers.TestInvoker.invokeTestMethods(TestInvoker.java:201)
at org.testng.internal.invokers.TestMethodWorker.invokeTestMethods(TestMethodWorker.java:148)
at org.testng.internal.invokers.TestMethodWorker.run(TestMethodWorker.java:128)
at java.base/java.util.ArrayList.forEach(ArrayList.java:1596)
at org.testng.TestRunner.privateRun(TestRunner.java:819)
at org.testng.TestRunner.run(TestRunner.java:619)
at org.testng.SuiteRunner.runTest(SuiteRunner.java:443)
at org.testng.SuiteRunner.runSequentially(SuiteRunner.java:437)
at org.testng.SuiteRunner.privateRun(SuiteRunner.java:397)
at org.testng.SuiteRunner.run(SuiteRunner.java:336)
at org.testng.SuiteRunnerWorker.runSuite(SuiteRunnerWorker.java:52)
at org.testng.SuiteRunnerWorker.run(SuiteRunnerWorker.java:95)
at org.testng.TestNG.runSuitesSequentially(TestNG.java:1301)
at org.testng.TestNG.runSuitesLocally(TestNG.java:1228)
at org.testng.TestNG.runSuites(TestNG.java:1134)
at org.testng.TestNG.run(TestNG.java:1101)
at org.testng.remote.AbstractRemoteTestNG.run(AbstractRemoteTestNG.java:115)
at org.testng.remote.RemoteTestNG.initAndRun(RemoteTestNG.java:293)
at org.testng.remote.RemoteTestNG.main(RemoteTestNG.java:91)
]]>
    </error>
  </testcase> <!-- setup -->
  <testcase classname="Tests.CheckoutTests" name="verifyCheckoutPageTitle" time="0.000">
    <skipped/>
  </testcase> <!-- verifyCheckoutPageTitle -->
  <testcase classname="Tests.CheckoutTests" name="verifyCheckoutUrl" time="0.001">
    <skipped/>
  </testcase> <!-- verifyCheckoutUrl -->
  <testcase classname="Tests.CheckoutTests" name="completeCheckoutWithValidDetails" time="0.000">
    <skipped/>
  </testcase> <!-- completeCheckoutWithValidDetails -->
  <testcase classname="Tests.CheckoutTests" name="verifyEmptyFirstNameError" time="0.000">
    <skipped/>
  </testcase> <!-- verifyEmptyFirstNameError -->
  <testcase classname="Tests.CheckoutTests" name="verifyEmptyLastNameError" time="0.000">
    <skipped/>
  </testcase> <!-- verifyEmptyLastNameError -->
  <testcase classname="Tests.CheckoutTests" name="verifyEmptyZipCodeError" time="0.000">
    <skipped/>
  </testcase> <!-- verifyEmptyZipCodeError -->
  <testcase classname="Tests.CheckoutTests" name="verifyAllFieldsEmptyError" time="0.000">
    <skipped/>
  </testcase> <!-- verifyAllFieldsEmptyError -->
  <testcase classname="Tests.CheckoutTests" name="verifyCancelReturnsToCart" time="0.000">
    <skipped/>
  </testcase> <!-- verifyCancelReturnsToCart -->
  <testcase classname="Tests.CheckoutTests" name="verifyOverviewPageTitle" time="0.000">
    <skipped/>
  </testcase> <!-- verifyOverviewPageTitle -->
  <testcase classname="Tests.CheckoutTests" name="verifyOverviewUrl" time="0.000">
    <skipped/>
  </testcase> <!-- verifyOverviewUrl -->
  <testcase classname="Tests.CheckoutTests" name="verifyOverviewProductName" time="0.000">
    <skipped/>
  </testcase> <!-- verifyOverviewProductName -->
  <testcase classname="Tests.CheckoutTests" name="verifyOverviewProductPrice" time="0.000">
    <skipped/>
  </testcase> <!-- verifyOverviewProductPrice -->
  <testcase classname="Tests.CheckoutTests" name="verifyCancelOnOverview" time="0.001">
    <skipped/>
  </testcase> <!-- verifyCancelOnOverview -->
  <testcase classname="Tests.CheckoutTests" name="verifyFinishNavigation" time="0.000">
    <skipped/>
  </testcase> <!-- verifyFinishNavigation -->
  <testcase classname="Tests.CheckoutTests" name="verifyConfirmationUrl" time="0.001">
    <skipped/>
  </testcase> <!-- verifyConfirmationUrl -->
  <testcase classname="Tests.CheckoutTests" name="verifySuccessMessageDisplayed" time="0.000">
    <skipped/>
  </testcase> <!-- verifySuccessMessageDisplayed -->
  <testcase classname="Tests.CheckoutTests" name="verifySuccessMessageText" time="0.000">
    <skipped/>
  </testcase> <!-- verifySuccessMessageText -->
  <testcase classname="Tests.CheckoutTests" name="verifyBackHomeButton" time="0.000">
    <skipped/>
  </testcase> <!-- verifyBackHomeButton -->
  <testcase classname="Tests.CheckoutTests" name="completeFullCheckoutFlow" time="0.000">
    <skipped/>
  </testcase> <!-- completeFullCheckoutFlow -->
  <testcase classname="Tests.CheckoutTests" name="verifyCartEmptyAfterCheckout" time="0.000">
    <skipped/>
  </testcase> <!-- verifyCartEmptyAfterCheckout -->
  <testcase classname="Tests.CheckoutTests" name="verifyBadgeDisappearsAfterCheckout" time="0.000">
    <skipped/>
  </testcase> <!-- verifyBadgeDisappearsAfterCheckout -->
</testsuite> <!-- Tests.CheckoutTests -->
